[18:57:23.985] Global cache location '/Users/desmond/Library/Caches/typescript/4.3', safe file path '/users/desmond/.nvm/versions/node/v14.17.5/lib/node_modules/typescript/lib/typingsafelist.json', types map path /users/desmond/.nvm/versions/node/v14.17.5/lib/node_modules/typescript/lib/typesmap.json
[18:57:23.986] Processing cache location '/Users/desmond/Library/Caches/typescript/4.3'
[18:57:23.987] Trying to find '/Users/desmond/Library/Caches/typescript/4.3/package.json'...
[18:57:23.991] Loaded content of '/Users/desmond/Library/Caches/typescript/4.3/package.json': {"private":true,"dependencies":{"types-registry":"^0.1.555"},"devDependencies":{"@types/accepts":"^1.3.5","@types/async":"^3.2.7","@types/babel__core":"^7.1.15","@types/babel__preset-env":"^7.9.2","@types/balanced-match":"^1.0.1","@types/big.js":"^6.1.1","@types/body-parser":"^1.19.1","@types/bonjour":"^3.5.9","@types/boolbase":"^1.0.0","@types/brace-expansion":"^1.1.0","@types/braces":"^3.0.1","@types/buffer-from":"^1.1.0","@types/bytes":"^3.1.1","@types/call-bind":"^1.0.0","@types/caniuse-lite":"^1.0.1","@types/clean-css":"^4.2.5","@types/clone-deep":"^4.0.1","@types/color-convert":"^2.0.0","@types/color-name":"^1.1.1","@types/commondir":"^1.0.0","@types/compressible":"^2.0.0","@types/compression":"^1.7.1","@types/concat-map":"^0.0.1","@types/connect-history-api-fallback":"^1.3.5","@types/content-disposition":"^0.5.4","@types/content-type":"^1.1.5","@types/convert-source-map":"^1.5.2","@types/cookie":"^0.4.1","@types/cookie-signature":"^1.0.3","@types/core-js":"^2.5.5","@types/cross-spawn":"^6.0.2","@types/cssesc":"^3.0.0","@types/debug":"^4.1.7","@types/deep-equal":"^1.0.1","@types/default-gateway":"^3.0.1","@types/define-properties":"^1.1.3","@types/depd":"^1.1.32","@types/destroy":"^1.0.0","@types/detect-node":"^2.0.0","@types/dir-glob":"^2.0.1","@types/dns-packet":"^5.2.2","@types/ee-first":"^1.1.0","@types/encodeurl":"^1.0.0","@types/envinfo":"^7.8.1","@types/escape-html":"^1.0.1","@types/eslint-scope":"^3.7.1","@types/estraverse":"^5.1.1","@types/esutils":"^2.0.0","@types/etag":"^1.8.1","@types/events":"^3.0.0","@types/express":"^4.17.13","@types/finalhandler":"^1.1.1","@types/find-cache-dir":"^3.2.1","@types/follow-redirects":"^1.13.1","@types/forwarded":"^0.1.0","@types/fresh":"^0.5.0","@types/function-bind":"^1.1.6","@types/get-intrinsic":"^1.0.0","@types/glob":"^7.1.4","@types/glob-parent":"^5.1.1","@types/glob-to-regexp":"^0.4.1","@types/graceful-fs":"^4.1.5","@types/has":"^1.0.0","@types/has-symbols":"^1.0.0","@types/he":"^1.1.2","@types/html-minifier-terser":"^5.1.2","@types/http-errors":"^1.8.1","@types/http-proxy":"^1.17.7","@types/icss-utils":"^4.1.0","@types/inherits":"^0.0.30","@types/interpret":"^1.1.1","@types/ip":"^1.1.0","@types/is-arguments":"^1.0.0","@types/is-core-module":"^2.2.0","@types/is-date-object":"^1.0.1","@types/is-glob":"^4.0.2","@types/is-number":"^7.0.1","@types/is-regex":"^1.0.0","@types/isarray":"^2.0.0","@types/isexe":"^2.0.1","@types/jsesc":"^3.0.1","@types/json-parse-better-errors":"^1.0.0","@types/kind-of":"^6.0.0","@types/less":"^3.0.3","@types/loader-runner":"^2.2.4","@types/loader-utils":"^2.0.3","@types/lodash":"^4.14.172","@types/lodash.debounce":"^4.0.6","@types/lru-cache":"^5.1.1","@types/media-typer":"^1.1.1","@types/merge-descriptors":"^1.0.1","@types/merge-stream":"^1.1.2","@types/merge2":"^1.3.1","@types/methods":"^1.1.1","@types/micromatch":"^4.0.2","@types/mime":"^2.0.3","@types/mime-db":"^1.43.1","@types/mime-types":"^2.1.1","@types/minimalistic-assert":"^1.0.1","@types/minimatch":"^3.0.5","@types/minimist":"^1.2.2","@types/mkdirp":"^1.0.2","@types/ms":"^0.7.31","@types/multicast-dns":"^7.2.1","@types/needle":"^2.5.2","@types/negotiator":"^0.6.1","@types/node-forge":"^0.10.3","@types/normalize-path":"^3.0.0","@types/object-assign":"^4.0.30","@types/object-keys":"^1.0.1","@types/on-finished":"^2.3.1","@types/on-headers":"^1.0.0","@types/once":"^1.4.0","@types/parseurl":"^1.3.1","@types/path-is-absolute":"^1.0.0","@types/path-is-inside":"^1.0.0","@types/path-parse":"^1.0.19","@types/picomatch":"^2.2.6","@types/pify":"^5.0.1","@types/postcss-modules-extract-imports":"^3.0.2","@types/postcss-modules-local-by-default":"^1.2.2","@types/postcss-modules-scope":"^1.1.2","@types/postcss-modules-values":"^3.0.0","@types/proxy-addr":"^2.0.0","@types/punycode":"^2.1.0","@types/qs":"^6.9.7","@types/randombytes":"^2.0.0","@types/range-parser":"^1.2.4","@types/readable-stream":"^2.3.11","@types/rechoir":"^0.6.1","@types/regenerate":"^1.4.1","@types/regenerator-runtime":"^0.13.1","@types/relateurl":"^0.2.29","@types/requires-port":"^1.0.0","@types/resolve":"^1.20.1","@types/retry":"^0.12.1","@types/rimraf":"^3.0.2","@types/run-parallel":"^1.1.0","@types/safer-buffer":"^2.1.0","@types/sax":"^1.2.3","@types/semver":"^7.3.8","@types/send":"^0.17.1","@types/serialize-javascript":"^5.0.1","@types/serve-index":"^1.9.1","@types/serve-static":"^1.13.10","@types/shebang-command":"^1.2.0","@types/signal-exit":"^3.0.1","@types/sockjs":"^0.3.33","@types/source-map-support":"^0.5.4","@types/spdy":"^3.4.5","@types/statuses":"^2.0.0","@types/strip-final-newline":"^3.0.0","@types/supports-color":"^8.1.1","@types/terser-webpack-plugin":"^5.0.4","@types/thunky":"^1.1.0","@types/type-is":"^1.6.3","@types/util-deprecate":"^1.0.0","@types/utils-merge":"^0.0.28","@types/uuid":"^8.3.1","@types/vary":"^1.1.0","@types/watchpack":"^1.1.7","@types/webpack-dev-middleware":"^5.0.2","@types/webpack-dev-server":"^3.11.5","@types/webpack-sources":"^3.2.0","@types/which":"^2.0.1","@types/ws":"^7.4.7","@types/yallist":"^4.0.1"}}
[18:57:23.991] Loaded content of '/Users/desmond/Library/Caches/typescript/4.3/package-lock.json'
[18:57:24.001] Adding entry into typings cache: 'accepts' => '/Users/desmond/Library/Caches/typescript/4.3/node_modules/@types/accepts/index.d.ts'
[18:57:24.004] Adding entry into typings cache: 'async' => '/Users/desmond/Library/Caches/typescript/4.3/node_modules/@types/async/index.d.ts'
[18:57:24.007] Adding entry into typings cache: 'babel__core' => '/Users/desmond/Library/Caches/typescript/4.3/node_modules/@types/babel__core/index.d.ts'
[18:57:24.010] Adding entry into typings cache: 'babel__preset-env' => '/Users/desmond/Library/Caches/typescript/4.3/node_modules/@types/babel__preset-env/index.d.ts'
[18:57:24.013] Adding entry into typings cache: 'balanced-match' => '/Users/desmond/Library/Caches/typescript/4.3/node_modules/@types/balanced-match/index.d.ts'
[18:57:24.015] Adding entry into typings cache: 'big.js' => '/Users/desmond/Library/Caches/typescript/4.3/node_modules/@types/big.js/index.d.ts'
[18:57:24.021] Adding entry into typings cache: 'body-parser' => '/Users/desmond/Library/Caches/typescript/4.3/node_modules/@types/body-parser/index.d.ts'
[18:57:24.024] Adding entry into typings cache: 'bonjour' => '/Users/desmond/Library/Caches/typescript/4.3/node_modules/@types/bonjour/index.d.ts'
[18:57:24.026] Adding entry into typings cache: 'boolbase' => '/Users/desmond/Library/Caches/typescript/4.3/node_modules/@types/boolbase/index.d.ts'
[18:57:24.029] Adding entry into typings cache: 'brace-expansion' => '/Users/desmond/Library/Caches/typescript/4.3/node_modules/@types/brace-expansion/index.d.ts'
[18:57:24.036] Adding entry into typings cache: 'braces' => '/Users/desmond/Library/Caches/typescript/4.3/node_modules/@types/braces/index.d.ts'
[18:57:24.038] Adding entry into typings cache: 'buffer-from' => '/Users/desmond/Library/Caches/typescript/4.3/node_modules/@types/buffer-from/index.d.ts'
[18:57:24.040] Adding entry into typings cache: 'bytes' => '/Users/desmond/Library/Caches/typescript/4.3/node_modules/@types/bytes/index.d.ts'
[18:57:24.042] Adding entry into typings cache: 'call-bind' => '/Users/desmond/Library/Caches/typescript/4.3/node_modules/@types/call-bind/index.d.ts'
[18:57:24.045] Adding entry into typings cache: 'caniuse-lite' => '/Users/desmond/Library/Caches/typescript/4.3/node_modules/@types/caniuse-lite/index.d.ts'
[18:57:24.047] Adding entry into typings cache: 'clean-css' => '/Users/desmond/Library/Caches/typescript/4.3/node_modules/@types/clean-css/index.d.ts'
[18:57:24.049] Adding entry into typings cache: 'clone-deep' => '/Users/desmond/Library/Caches/typescript/4.3/node_modules/@types/clone-deep/index.d.ts'
[18:57:24.052] Adding entry into typings cache: 'color-convert' => '/Users/desmond/Library/Caches/typescript/4.3/node_modules/@types/color-convert/index.d.ts'
[18:57:24.055] Adding entry into typings cache: 'color-name' => '/Users/desmond/Library/Caches/typescript/4.3/node_modules/@types/color-name/index.d.ts'
[18:57:24.057] Adding entry into typings cache: 'commondir' => '/Users/desmond/Library/Caches/typescript/4.3/node_modules/@types/commondir/index.d.ts'
[18:57:24.059] Adding entry into typings cache: 'compressible' => '/Users/desmond/Library/Caches/typescript/4.3/node_modules/@types/compressible/index.d.ts'
[18:57:24.061] Adding entry into typings cache: 'compression' => '/Users/desmond/Library/Caches/typescript/4.3/node_modules/@types/compression/index.d.ts'
[18:57:24.063] Adding entry into typings cache: 'concat-map' => '/Users/desmond/Library/Caches/typescript/4.3/node_modules/@types/concat-map/index.d.ts'
[18:57:24.065] Adding entry into typings cache: 'connect-history-api-fallback' => '/Users/desmond/Library/Caches/typescript/4.3/node_modules/@types/connect-history-api-fallback/index.d.ts'
[18:57:24.066] Adding entry into typings cache: 'content-disposition' => '/Users/desmond/Library/Caches/typescript/4.3/node_modules/@types/content-disposition/index.d.ts'
[18:57:24.068] Adding entry into typings cache: 'content-type' => '/Users/desmond/Library/Caches/typescript/4.3/node_modules/@types/content-type/index.d.ts'
[18:57:24.070] Adding entry into typings cache: 'convert-source-map' => '/Users/desmond/Library/Caches/typescript/4.3/node_modules/@types/convert-source-map/index.d.ts'
[18:57:24.071] Adding entry into typings cache: 'cookie' => '/Users/desmond/Library/Caches/typescript/4.3/node_modules/@types/cookie/index.d.ts'
[18:57:24.073] Adding entry into typings cache: 'cookie-signature' => '/Users/desmond/Library/Caches/typescript/4.3/node_modules/@types/cookie-signature/index.d.ts'
[18:57:24.076] Adding entry into typings cache: 'core-js' => '/Users/desmond/Library/Caches/typescript/4.3/node_modules/@types/core-js/index.d.ts'
[18:57:24.077] Adding entry into typings cache: 'cross-spawn' => '/Users/desmond/Library/Caches/typescript/4.3/node_modules/@types/cross-spawn/index.d.ts'
[18:57:24.078] Adding entry into typings cache: 'cssesc' => '/Users/desmond/Library/Caches/typescript/4.3/node_modules/@types/cssesc/index.d.ts'
[18:57:24.083] Adding entry into typings cache: 'debug' => '/Users/desmond/Library/Caches/typescript/4.3/node_modules/@types/debug/index.d.ts'
[18:57:24.085] Adding entry into typings cache: 'deep-equal' => '/Users/desmond/Library/Caches/typescript/4.3/node_modules/@types/deep-equal/index.d.ts'
[18:57:24.086] Adding entry into typings cache: 'default-gateway' => '/Users/desmond/Library/Caches/typescript/4.3/node_modules/@types/default-gateway/index.d.ts'
[18:57:24.088] Adding entry into typings cache: 'define-properties' => '/Users/desmond/Library/Caches/typescript/4.3/node_modules/@types/define-properties/index.d.ts'
[18:57:24.089] Adding entry into typings cache: 'depd' => '/Users/desmond/Library/Caches/typescript/4.3/node_modules/@types/depd/index.d.ts'
[18:57:24.091] Adding entry into typings cache: 'destroy' => '/Users/desmond/Library/Caches/typescript/4.3/node_modules/@types/destroy/index.d.ts'
[18:57:24.092] Adding entry into typings cache: 'detect-node' => '/Users/desmond/Library/Caches/typescript/4.3/node_modules/@types/detect-node/index.d.ts'
[18:57:24.094] Adding entry into typings cache: 'dir-glob' => '/Users/desmond/Library/Caches/typescript/4.3/node_modules/@types/dir-glob/index.d.ts'
[18:57:24.095] Adding entry into typings cache: 'dns-packet' => '/Users/desmond/Library/Caches/typescript/4.3/node_modules/@types/dns-packet/index.d.ts'
[18:57:24.096] Adding entry into typings cache: 'ee-first' => '/Users/desmond/Library/Caches/typescript/4.3/node_modules/@types/ee-first/index.d.ts'
[18:57:24.098] Adding entry into typings cache: 'encodeurl' => '/Users/desmond/Library/Caches/typescript/4.3/node_modules/@types/encodeurl/index.d.ts'
[18:57:24.099] Adding entry into typings cache: 'envinfo' => '/Users/desmond/Library/Caches/typescript/4.3/node_modules/@types/envinfo/index.d.ts'
[18:57:24.101] Adding entry into typings cache: 'escape-html' => '/Users/desmond/Library/Caches/typescript/4.3/node_modules/@types/escape-html/index.d.ts'
[18:57:24.103] Adding entry into typings cache: 'eslint-scope' => '/Users/desmond/Library/Caches/typescript/4.3/node_modules/@types/eslint-scope/index.d.ts'
[18:57:24.106] Adding entry into typings cache: 'estraverse' => '/Users/desmond/Library/Caches/typescript/4.3/node_modules/@types/estraverse/index.d.ts'
[18:57:24.108] Adding entry into typings cache: 'esutils' => '/Users/desmond/Library/Caches/typescript/4.3/node_modules/@types/esutils/index.d.ts'
[18:57:24.110] Adding entry into typings cache: 'etag' => '/Users/desmond/Library/Caches/typescript/4.3/node_modules/@types/etag/index.d.ts'
[18:57:24.113] Adding entry into typings cache: 'events' => '/Users/desmond/Library/Caches/typescript/4.3/node_modules/@types/events/index.d.ts'
[18:57:24.115] Adding entry into typings cache: 'express' => '/Users/desmond/Library/Caches/typescript/4.3/node_modules/@types/express/index.d.ts'
[18:57:24.116] Adding entry into typings cache: 'finalhandler' => '/Users/desmond/Library/Caches/typescript/4.3/node_modules/@types/finalhandler/index.d.ts'
[18:57:24.118] Adding entry into typings cache: 'find-cache-dir' => '/Users/desmond/Library/Caches/typescript/4.3/node_modules/@types/find-cache-dir/index.d.ts'
[18:57:24.121] Adding entry into typings cache: 'follow-redirects' => '/Users/desmond/Library/Caches/typescript/4.3/node_modules/@types/follow-redirects/index.d.ts'
[18:57:24.123] Adding entry into typings cache: 'forwarded' => '/Users/desmond/Library/Caches/typescript/4.3/node_modules/@types/forwarded/index.d.ts'
[18:57:24.124] Adding entry into typings cache: 'fresh' => '/Users/desmond/Library/Caches/typescript/4.3/node_modules/@types/fresh/index.d.ts'
[18:57:24.125] Adding entry into typings cache: 'function-bind' => '/Users/desmond/Library/Caches/typescript/4.3/node_modules/@types/function-bind/index.d.ts'
[18:57:24.127] Adding entry into typings cache: 'get-intrinsic' => '/Users/desmond/Library/Caches/typescript/4.3/node_modules/@types/get-intrinsic/index.d.ts'
[18:57:24.128] Adding entry into typings cache: 'glob' => '/Users/desmond/Library/Caches/typescript/4.3/node_modules/@types/glob/index.d.ts'
[18:57:24.132] Adding entry into typings cache: 'glob-parent' => '/Users/desmond/Library/Caches/typescript/4.3/node_modules/@types/glob-parent/index.d.ts'
[18:57:24.136] Adding entry into typings cache: 'glob-to-regexp' => '/Users/desmond/Library/Caches/typescript/4.3/node_modules/@types/glob-to-regexp/index.d.ts'
[18:57:24.138] Adding entry into typings cache: 'graceful-fs' => '/Users/desmond/Library/Caches/typescript/4.3/node_modules/@types/graceful-fs/index.d.ts'
[18:57:24.140] Adding entry into typings cache: 'has' => '/Users/desmond/Library/Caches/typescript/4.3/node_modules/@types/has/index.d.ts'
[18:57:24.141] Adding entry into typings cache: 'has-symbols' => '/Users/desmond/Library/Caches/typescript/4.3/node_modules/@types/has-symbols/index.d.ts'
[18:57:24.142] Adding entry into typings cache: 'he' => '/Users/desmond/Library/Caches/typescript/4.3/node_modules/@types/he/index.d.ts'
[18:57:24.144] Adding entry into typings cache: 'html-minifier-terser' => '/Users/desmond/Library/Caches/typescript/4.3/node_modules/@types/html-minifier-terser/index.d.ts'
[18:57:24.145] Adding entry into typings cache: 'http-errors' => '/Users/desmond/Library/Caches/typescript/4.3/node_modules/@types/http-errors/index.d.ts'
[18:57:24.147] Adding entry into typings cache: 'http-proxy' => '/Users/desmond/Library/Caches/typescript/4.3/node_modules/@types/http-proxy/index.d.ts'
[18:57:24.149] Adding entry into typings cache: 'icss-utils' => '/Users/desmond/Library/Caches/typescript/4.3/node_modules/@types/icss-utils/index.d.ts'
[18:57:24.151] Adding entry into typings cache: 'inherits' => '/Users/desmond/Library/Caches/typescript/4.3/node_modules/@types/inherits/index.d.ts'
[18:57:24.152] Adding entry into typings cache: 'interpret' => '/Users/desmond/Library/Caches/typescript/4.3/node_modules/@types/interpret/index.d.ts'
[18:57:24.154] Adding entry into typings cache: 'ip' => '/Users/desmond/Library/Caches/typescript/4.3/node_modules/@types/ip/index.d.ts'
[18:57:24.155] Adding entry into typings cache: 'is-arguments' => '/Users/desmond/Library/Caches/typescript/4.3/node_modules/@types/is-arguments/index.d.ts'
[18:57:24.157] Adding entry into typings cache: 'is-core-module' => '/Users/desmond/Library/Caches/typescript/4.3/node_modules/@types/is-core-module/index.d.ts'
[18:57:24.158] Adding entry into typings cache: 'is-date-object' => '/Users/desmond/Library/Caches/typescript/4.3/node_modules/@types/is-date-object/index.d.ts'
[18:57:24.160] Adding entry into typings cache: 'is-glob' => '/Users/desmond/Library/Caches/typescript/4.3/node_modules/@types/is-glob/index.d.ts'
[18:57:24.163] Adding entry into typings cache: 'is-number' => '/Users/desmond/Library/Caches/typescript/4.3/node_modules/@types/is-number/index.d.ts'
[18:57:24.165] Adding entry into typings cache: 'is-regex' => '/Users/desmond/Library/Caches/typescript/4.3/node_modules/@types/is-regex/index.d.ts'
[18:57:24.167] Adding entry into typings cache: 'isarray' => '/Users/desmond/Library/Caches/typescript/4.3/node_modules/@types/isarray/index.d.ts'
[18:57:24.169] Adding entry into typings cache: 'isexe' => '/Users/desmond/Library/Caches/typescript/4.3/node_modules/@types/isexe/index.d.ts'
[18:57:24.170] Adding entry into typings cache: 'jsesc' => '/Users/desmond/Library/Caches/typescript/4.3/node_modules/@types/jsesc/index.d.ts'
[18:57:24.172] Adding entry into typings cache: 'json-parse-better-errors' => '/Users/desmond/Library/Caches/typescript/4.3/node_modules/@types/json-parse-better-errors/index.d.ts'
[18:57:24.174] Adding entry into typings cache: 'kind-of' => '/Users/desmond/Library/Caches/typescript/4.3/node_modules/@types/kind-of/index.d.ts'
[18:57:24.175] Adding entry into typings cache: 'less' => '/Users/desmond/Library/Caches/typescript/4.3/node_modules/@types/less/index.d.ts'
[18:57:24.177] Adding entry into typings cache: 'loader-runner' => '/Users/desmond/Library/Caches/typescript/4.3/node_modules/@types/loader-runner/index.d.ts'
[18:57:24.178] Adding entry into typings cache: 'loader-utils' => '/Users/desmond/Library/Caches/typescript/4.3/node_modules/@types/loader-utils/index.d.ts'
[18:57:24.180] Adding entry into typings cache: 'lodash' => '/Users/desmond/Library/Caches/typescript/4.3/node_modules/@types/lodash/index.d.ts'
[18:57:24.181] Adding entry into typings cache: 'lodash.debounce' => '/Users/desmond/Library/Caches/typescript/4.3/node_modules/@types/lodash.debounce/index.d.ts'
[18:57:24.183] Adding entry into typings cache: 'lru-cache' => '/Users/desmond/Library/Caches/typescript/4.3/node_modules/@types/lru-cache/index.d.ts'
[18:57:24.184] Adding entry into typings cache: 'media-typer' => '/Users/desmond/Library/Caches/typescript/4.3/node_modules/@types/media-typer/index.d.ts'
[18:57:24.186] Adding entry into typings cache: 'merge-descriptors' => '/Users/desmond/Library/Caches/typescript/4.3/node_modules/@types/merge-descriptors/index.d.ts'
[18:57:24.188] Adding entry into typings cache: 'merge-stream' => '/Users/desmond/Library/Caches/typescript/4.3/node_modules/@types/merge-stream/index.d.ts'
[18:57:24.189] Adding entry into typings cache: 'merge2' => '/Users/desmond/Library/Caches/typescript/4.3/node_modules/@types/merge2/index.d.ts'
[18:57:24.190] Adding entry into typings cache: 'methods' => '/Users/desmond/Library/Caches/typescript/4.3/node_modules/@types/methods/index.d.ts'
[18:57:24.192] Adding entry into typings cache: 'micromatch' => '/Users/desmond/Library/Caches/typescript/4.3/node_modules/@types/micromatch/index.d.ts'
[18:57:24.193] Adding entry into typings cache: 'mime' => '/Users/desmond/Library/Caches/typescript/4.3/node_modules/@types/mime/index.d.ts'
[18:57:24.195] Adding entry into typings cache: 'mime-db' => '/Users/desmond/Library/Caches/typescript/4.3/node_modules/@types/mime-db/index.d.ts'
[18:57:24.197] Adding entry into typings cache: 'mime-types' => '/Users/desmond/Library/Caches/typescript/4.3/node_modules/@types/mime-types/index.d.ts'
[18:57:24.198] Adding entry into typings cache: 'minimalistic-assert' => '/Users/desmond/Library/Caches/typescript/4.3/node_modules/@types/minimalistic-assert/index.d.ts'
[18:57:24.199] Adding entry into typings cache: 'minimatch' => '/Users/desmond/Library/Caches/typescript/4.3/node_modules/@types/minimatch/index.d.ts'
[18:57:24.200] Adding entry into typings cache: 'minimist' => '/Users/desmond/Library/Caches/typescript/4.3/node_modules/@types/minimist/index.d.ts'
[18:57:24.201] Adding entry into typings cache: 'mkdirp' => '/Users/desmond/Library/Caches/typescript/4.3/node_modules/@types/mkdirp/index.d.ts'
[18:57:24.204] Adding entry into typings cache: 'ms' => '/Users/desmond/Library/Caches/typescript/4.3/node_modules/@types/ms/index.d.ts'
[18:57:24.205] Adding entry into typings cache: 'multicast-dns' => '/Users/desmond/Library/Caches/typescript/4.3/node_modules/@types/multicast-dns/index.d.ts'
[18:57:24.207] Adding entry into typings cache: 'needle' => '/Users/desmond/Library/Caches/typescript/4.3/node_modules/@types/needle/index.d.ts'
[18:57:24.208] Adding entry into typings cache: 'negotiator' => '/Users/desmond/Library/Caches/typescript/4.3/node_modules/@types/negotiator/index.d.ts'
[18:57:24.209] Adding entry into typings cache: 'node-forge' => '/Users/desmond/Library/Caches/typescript/4.3/node_modules/@types/node-forge/index.d.ts'
[18:57:24.212] Adding entry into typings cache: 'normalize-path' => '/Users/desmond/Library/Caches/typescript/4.3/node_modules/@types/normalize-path/index.d.ts'
[18:57:24.213] Adding entry into typings cache: 'object-assign' => '/Users/desmond/Library/Caches/typescript/4.3/node_modules/@types/object-assign/index.d.ts'
[18:57:24.215] Adding entry into typings cache: 'object-keys' => '/Users/desmond/Library/Caches/typescript/4.3/node_modules/@types/object-keys/index.d.ts'
[18:57:24.216] Adding entry into typings cache: 'on-finished' => '/Users/desmond/Library/Caches/typescript/4.3/node_modules/@types/on-finished/index.d.ts'
[18:57:24.217] Adding entry into typings cache: 'on-headers' => '/Users/desmond/Library/Caches/typescript/4.3/node_modules/@types/on-headers/index.d.ts'
[18:57:24.218] Adding entry into typings cache: 'once' => '/Users/desmond/Library/Caches/typescript/4.3/node_modules/@types/once/index.d.ts'
[18:57:24.219] Adding entry into typings cache: 'parseurl' => '/Users/desmond/Library/Caches/typescript/4.3/node_modules/@types/parseurl/index.d.ts'
[18:57:24.220] Adding entry into typings cache: 'path-is-absolute' => '/Users/desmond/Library/Caches/typescript/4.3/node_modules/@types/path-is-absolute/index.d.ts'
[18:57:24.222] Adding entry into typings cache: 'path-is-inside' => '/Users/desmond/Library/Caches/typescript/4.3/node_modules/@types/path-is-inside/index.d.ts'
[18:57:24.223] Adding entry into typings cache: 'path-parse' => '/Users/desmond/Library/Caches/typescript/4.3/node_modules/@types/path-parse/index.d.ts'
[18:57:24.226] Adding entry into typings cache: 'picomatch' => '/Users/desmond/Library/Caches/typescript/4.3/node_modules/@types/picomatch/index.d.ts'
[18:57:24.227] Adding entry into typings cache: 'pify' => '/Users/desmond/Library/Caches/typescript/4.3/node_modules/@types/pify/index.d.ts'
[18:57:24.228] Adding entry into typings cache: 'postcss-modules-extract-imports' => '/Users/desmond/Library/Caches/typescript/4.3/node_modules/@types/postcss-modules-extract-imports/index.d.ts'
[18:57:24.229] Adding entry into typings cache: 'postcss-modules-local-by-default' => '/Users/desmond/Library/Caches/typescript/4.3/node_modules/@types/postcss-modules-local-by-default/index.d.ts'
[18:57:24.230] Adding entry into typings cache: 'postcss-modules-scope' => '/Users/desmond/Library/Caches/typescript/4.3/node_modules/@types/postcss-modules-scope/index.d.ts'
[18:57:24.232] Adding entry into typings cache: 'postcss-modules-values' => '/Users/desmond/Library/Caches/typescript/4.3/node_modules/@types/postcss-modules-values/index.d.ts'
[18:57:24.233] Adding entry into typings cache: 'proxy-addr' => '/Users/desmond/Library/Caches/typescript/4.3/node_modules/@types/proxy-addr/index.d.ts'
[18:57:24.235] Adding entry into typings cache: 'punycode' => '/Users/desmond/Library/Caches/typescript/4.3/node_modules/@types/punycode/index.d.ts'
[18:57:24.236] Adding entry into typings cache: 'qs' => '/Users/desmond/Library/Caches/typescript/4.3/node_modules/@types/qs/index.d.ts'
[18:57:24.238] Adding entry into typings cache: 'randombytes' => '/Users/desmond/Library/Caches/typescript/4.3/node_modules/@types/randombytes/index.d.ts'
[18:57:24.238] Adding entry into typings cache: 'range-parser' => '/Users/desmond/Library/Caches/typescript/4.3/node_modules/@types/range-parser/index.d.ts'
[18:57:24.240] Adding entry into typings cache: 'readable-stream' => '/Users/desmond/Library/Caches/typescript/4.3/node_modules/@types/readable-stream/index.d.ts'
[18:57:24.242] Adding entry into typings cache: 'rechoir' => '/Users/desmond/Library/Caches/typescript/4.3/node_modules/@types/rechoir/index.d.ts'
[18:57:24.243] Adding entry into typings cache: 'regenerate' => '/Users/desmond/Library/Caches/typescript/4.3/node_modules/@types/regenerate/index.d.ts'
[18:57:24.244] Adding entry into typings cache: 'regenerator-runtime' => '/Users/desmond/Library/Caches/typescript/4.3/node_modules/@types/regenerator-runtime/index.d.ts'
[18:57:24.245] Adding entry into typings cache: 'relateurl' => '/Users/desmond/Library/Caches/typescript/4.3/node_modules/@types/relateurl/index.d.ts'
[18:57:24.247] Adding entry into typings cache: 'requires-port' => '/Users/desmond/Library/Caches/typescript/4.3/node_modules/@types/requires-port/index.d.ts'
[18:57:24.247] Adding entry into typings cache: 'resolve' => '/Users/desmond/Library/Caches/typescript/4.3/node_modules/@types/resolve/index.d.ts'
[18:57:24.248] Adding entry into typings cache: 'retry' => '/Users/desmond/Library/Caches/typescript/4.3/node_modules/@types/retry/index.d.ts'
[18:57:24.250] Adding entry into typings cache: 'rimraf' => '/Users/desmond/Library/Caches/typescript/4.3/node_modules/@types/rimraf/index.d.ts'
[18:57:24.251] Adding entry into typings cache: 'run-parallel' => '/Users/desmond/Library/Caches/typescript/4.3/node_modules/@types/run-parallel/index.d.ts'
[18:57:24.251] Adding entry into typings cache: 'safer-buffer' => '/Users/desmond/Library/Caches/typescript/4.3/node_modules/@types/safer-buffer/index.d.ts'
[18:57:24.252] Adding entry into typings cache: 'sax' => '/Users/desmond/Library/Caches/typescript/4.3/node_modules/@types/sax/index.d.ts'
[18:57:24.254] Adding entry into typings cache: 'semver' => '/Users/desmond/Library/Caches/typescript/4.3/node_modules/@types/semver/index.d.ts'
[18:57:24.255] Adding entry into typings cache: 'send' => '/Users/desmond/Library/Caches/typescript/4.3/node_modules/@types/send/index.d.ts'
[18:57:24.257] Adding entry into typings cache: 'serialize-javascript' => '/Users/desmond/Library/Caches/typescript/4.3/node_modules/@types/serialize-javascript/index.d.ts'
[18:57:24.258] Adding entry into typings cache: 'serve-index' => '/Users/desmond/Library/Caches/typescript/4.3/node_modules/@types/serve-index/index.d.ts'
[18:57:24.259] Adding entry into typings cache: 'serve-static' => '/Users/desmond/Library/Caches/typescript/4.3/node_modules/@types/serve-static/index.d.ts'
[18:57:24.260] Adding entry into typings cache: 'shebang-command' => '/Users/desmond/Library/Caches/typescript/4.3/node_modules/@types/shebang-command/index.d.ts'
[18:57:24.262] Adding entry into typings cache: 'signal-exit' => '/Users/desmond/Library/Caches/typescript/4.3/node_modules/@types/signal-exit/index.d.ts'
[18:57:24.263] Adding entry into typings cache: 'sockjs' => '/Users/desmond/Library/Caches/typescript/4.3/node_modules/@types/sockjs/index.d.ts'
[18:57:24.265] Adding entry into typings cache: 'source-map-support' => '/Users/desmond/Library/Caches/typescript/4.3/node_modules/@types/source-map-support/index.d.ts'
[18:57:24.266] Adding entry into typings cache: 'spdy' => '/Users/desmond/Library/Caches/typescript/4.3/node_modules/@types/spdy/index.d.ts'
[18:57:24.266] Adding entry into typings cache: 'statuses' => '/Users/desmond/Library/Caches/typescript/4.3/node_modules/@types/statuses/index.d.ts'
[18:57:24.267] Adding entry into typings cache: 'strip-final-newline' => '/Users/desmond/Library/Caches/typescript/4.3/node_modules/@types/strip-final-newline/index.d.ts'
[18:57:24.270] Adding entry into typings cache: 'supports-color' => '/Users/desmond/Library/Caches/typescript/4.3/node_modules/@types/supports-color/index.d.ts'
[18:57:24.272] Adding entry into typings cache: 'terser-webpack-plugin' => '/Users/desmond/Library/Caches/typescript/4.3/node_modules/@types/terser-webpack-plugin/index.d.ts'
[18:57:24.273] Adding entry into typings cache: 'thunky' => '/Users/desmond/Library/Caches/typescript/4.3/node_modules/@types/thunky/index.d.ts'
[18:57:24.275] Adding entry into typings cache: 'type-is' => '/Users/desmond/Library/Caches/typescript/4.3/node_modules/@types/type-is/index.d.ts'
[18:57:24.277] Adding entry into typings cache: 'util-deprecate' => '/Users/desmond/Library/Caches/typescript/4.3/node_modules/@types/util-deprecate/index.d.ts'
[18:57:24.278] Adding entry into typings cache: 'utils-merge' => '/Users/desmond/Library/Caches/typescript/4.3/node_modules/@types/utils-merge/index.d.ts'
[18:57:24.279] Adding entry into typings cache: 'uuid' => '/Users/desmond/Library/Caches/typescript/4.3/node_modules/@types/uuid/index.d.ts'
[18:57:24.279] Adding entry into typings cache: 'vary' => '/Users/desmond/Library/Caches/typescript/4.3/node_modules/@types/vary/index.d.ts'
[18:57:24.282] Adding entry into typings cache: 'watchpack' => '/Users/desmond/Library/Caches/typescript/4.3/node_modules/@types/watchpack/index.d.ts'
[18:57:24.283] Adding entry into typings cache: 'webpack-dev-middleware' => '/Users/desmond/Library/Caches/typescript/4.3/node_modules/@types/webpack-dev-middleware/index.d.ts'
[18:57:24.286] Adding entry into typings cache: 'webpack-dev-server' => '/Users/desmond/Library/Caches/typescript/4.3/node_modules/@types/webpack-dev-server/index.d.ts'
[18:57:24.288] Adding entry into typings cache: 'webpack-sources' => '/Users/desmond/Library/Caches/typescript/4.3/node_modules/@types/webpack-sources/index.d.ts'
[18:57:24.289] Adding entry into typings cache: 'which' => '/Users/desmond/Library/Caches/typescript/4.3/node_modules/@types/which/index.d.ts'
[18:57:24.290] Adding entry into typings cache: 'ws' => '/Users/desmond/Library/Caches/typescript/4.3/node_modules/@types/ws/index.d.ts'
[18:57:24.291] Adding entry into typings cache: 'yallist' => '/Users/desmond/Library/Caches/typescript/4.3/node_modules/@types/yallist/index.d.ts'
[18:57:24.291] Finished processing cache location '/Users/desmond/Library/Caches/typescript/4.3'
[18:57:24.292] Process id: 29758
[18:57:24.292] NPM location: /Users/desmond/.nvm/versions/node/v14.17.5/bin/npm (explicit '--npmLocation' not  provided)
[18:57:24.292] validateDefaultNpmLocation: false
[18:57:24.292] Npm config file: /Users/desmond/Library/Caches/typescript/4.3/package.json
[18:57:24.292] Updating types-registry npm package...
[18:57:24.292] Exec: /Users/desmond/.nvm/versions/node/v14.17.5/bin/npm install --ignore-scripts types-registry@latest
[18:57:26.470]     Succeeded. stdout:
    
    up to date, audited 434 packages in 2s

15 packages are looking for funding
  run `npm fund` for details

3 moderate severity vulnerabilities

To address all issues (including breaking changes), run:
  npm audit fix --force

Run `npm audit` for details.

[18:57:26.471] Updated types-registry npm package
[22:01:55.870] Got install request {"projectName":"/dev/null/inferredProject1*","fileNames":[],"compilerOptions":{"module":1,"target":3,"jsx":1,"allowJs":true,"allowSyntheticDefaultImports":true,"allowNonTsExtensions":true,"noEmitForJsFiles":true},"typeAcquisition":{"enable":true,"include":[],"exclude":[]},"unresolvedImports":[],"projectRootPath":"/Users/desmond/Library/Mobile Documents/com~apple~CloudDocs/Projects/Web/Snake/src/modules","kind":"discover"}
[22:01:55.899] Loaded safelist from types map file '/users/desmond/.nvm/versions/node/v14.17.5/lib/node_modules/typescript/lib/typesmap.json'
[22:01:55.899] Explicitly included types: []
[22:01:55.900] Inferred typings from unresolved imports: []
[22:01:55.901] Result: {"cachedTypingPaths":[],"newTypingNames":[],"filesToWatch":["/Users/desmond/Library/Mobile Documents/com~apple~CloudDocs/Projects/Web/Snake/src/modules/bower_components","/Users/desmond/Library/Mobile Documents/com~apple~CloudDocs/Projects/Web/Snake/src/modules/node_modules"]}
[22:01:55.901] Finished typings discovery: {"cachedTypingPaths":[],"newTypingNames":[],"filesToWatch":["/Users/desmond/Library/Mobile Documents/com~apple~CloudDocs/Projects/Web/Snake/src/modules/bower_components","/Users/desmond/Library/Mobile Documents/com~apple~CloudDocs/Projects/Web/Snake/src/modules/node_modules"]}
[22:01:55.901] DirectoryWatcher:: Added:: WatchInfo: /Users/desmond/Library/Mobile Documents/com~apple~CloudDocs/Projects/Web/Snake/src/modules/bower_components
[22:01:55.903] DirectoryWatcher:: Added:: WatchInfo: /Users/desmond/Library/Mobile Documents/com~apple~CloudDocs/Projects/Web/Snake/src/modules/bower_components 1 undefined Project: /dev/null/inferredProject1* watcher already invoked: false
[22:01:55.906] Elapsed:: 2.375809967517853ms DirectoryWatcher:: Added:: WatchInfo: /Users/desmond/Library/Mobile Documents/com~apple~CloudDocs/Projects/Web/Snake/src/modules/bower_components 1 undefined Project: /dev/null/inferredProject1* watcher already invoked: false
[22:01:55.906] DirectoryWatcher:: Added:: WatchInfo: /Users/desmond/Library/Mobile Documents/com~apple~CloudDocs/Projects/Web/Snake/src/modules/node_modules
[22:01:55.906] DirectoryWatcher:: Added:: WatchInfo: /Users/desmond/Library/Mobile Documents/com~apple~CloudDocs/Projects/Web/Snake/src/modules/node_modules 1 undefined Project: /dev/null/inferredProject1* watcher already invoked: false
[22:01:55.907] Elapsed:: 0.11878597736358643ms DirectoryWatcher:: Added:: WatchInfo: /Users/desmond/Library/Mobile Documents/com~apple~CloudDocs/Projects/Web/Snake/src/modules/node_modules 1 undefined Project: /dev/null/inferredProject1* watcher already invoked: false
[22:01:55.907] Sending response:
    {"projectName":"/dev/null/inferredProject1*","typeAcquisition":{"enable":true,"include":[],"exclude":[]},"compilerOptions":{"module":1,"target":3,"jsx":1,"allowJs":true,"allowSyntheticDefaultImports":true,"allowNonTsExtensions":true,"noEmitForJsFiles":true},"typings":[],"unresolvedImports":[],"kind":"action::set"}
[22:01:55.907] Response has been sent.
[22:01:55.907] No new typings were requested as a result of typings discovery
[22:03:10.274] Got install request {"projectName":"/dev/null/inferredProject1*","fileNames":[],"compilerOptions":{"module":1,"target":3,"jsx":1,"allowJs":true,"allowSyntheticDefaultImports":true,"allowNonTsExtensions":true,"noEmitForJsFiles":true},"typeAcquisition":{"enable":true,"include":[],"exclude":[]},"unresolvedImports":[],"projectRootPath":"/Users/desmond/Library/Mobile Documents/com~apple~CloudDocs/Projects/Web/Snake/src/modules","kind":"discover"}
[22:03:10.275] Explicitly included types: []
[22:03:10.276] Inferred typings from unresolved imports: []
[22:03:10.276] Result: {"cachedTypingPaths":[],"newTypingNames":[],"filesToWatch":["/Users/desmond/Library/Mobile Documents/com~apple~CloudDocs/Projects/Web/Snake/src/modules/bower_components","/Users/desmond/Library/Mobile Documents/com~apple~CloudDocs/Projects/Web/Snake/src/modules/node_modules"]}
[22:03:10.276] Finished typings discovery: {"cachedTypingPaths":[],"newTypingNames":[],"filesToWatch":["/Users/desmond/Library/Mobile Documents/com~apple~CloudDocs/Projects/Web/Snake/src/modules/bower_components","/Users/desmond/Library/Mobile Documents/com~apple~CloudDocs/Projects/Web/Snake/src/modules/node_modules"]}
[22:03:10.278] Sending response:
    {"projectName":"/dev/null/inferredProject1*","typeAcquisition":{"enable":true,"include":[],"exclude":[]},"compilerOptions":{"module":1,"target":3,"jsx":1,"allowJs":true,"allowSyntheticDefaultImports":true,"allowNonTsExtensions":true,"noEmitForJsFiles":true},"typings":[],"unresolvedImports":[],"kind":"action::set"}
[22:03:10.279] Response has been sent.
[22:03:10.279] No new typings were requested as a result of typings discovery
[22:10:22.921] Got install request {"projectName":"/dev/null/inferredProject1*","fileNames":[],"compilerOptions":{"module":1,"target":3,"jsx":1,"allowJs":true,"allowSyntheticDefaultImports":true,"allowNonTsExtensions":true,"noEmitForJsFiles":true},"typeAcquisition":{"enable":true,"include":[],"exclude":[]},"unresolvedImports":[],"projectRootPath":"/Users/desmond/Library/Mobile Documents/com~apple~CloudDocs/Projects/Web/Snake/src/modules","kind":"discover"}
[22:10:22.924] Explicitly included types: []
[22:10:22.926] Inferred typings from unresolved imports: []
[22:10:22.928] Result: {"cachedTypingPaths":[],"newTypingNames":[],"filesToWatch":["/Users/desmond/Library/Mobile Documents/com~apple~CloudDocs/Projects/Web/Snake/src/modules/bower_components","/Users/desmond/Library/Mobile Documents/com~apple~CloudDocs/Projects/Web/Snake/src/modules/node_modules"]}
[22:10:22.929] Finished typings discovery: {"cachedTypingPaths":[],"newTypingNames":[],"filesToWatch":["/Users/desmond/Library/Mobile Documents/com~apple~CloudDocs/Projects/Web/Snake/src/modules/bower_components","/Users/desmond/Library/Mobile Documents/com~apple~CloudDocs/Projects/Web/Snake/src/modules/node_modules"]}
[22:10:22.929] Sending response:
    {"projectName":"/dev/null/inferredProject1*","typeAcquisition":{"enable":true,"include":[],"exclude":[]},"compilerOptions":{"module":1,"target":3,"jsx":1,"allowJs":true,"allowSyntheticDefaultImports":true,"allowNonTsExtensions":true,"noEmitForJsFiles":true},"typings":[],"unresolvedImports":[],"kind":"action::set"}
[22:10:22.930] Response has been sent.
[22:10:22.930] No new typings were requested as a result of typings discovery
[22:23:59.441] Got install request {"projectName":"/dev/null/inferredProject1*","fileNames":[],"compilerOptions":{"module":1,"target":3,"jsx":1,"allowJs":true,"allowSyntheticDefaultImports":true,"allowNonTsExtensions":true,"noEmitForJsFiles":true},"typeAcquisition":{"enable":true,"include":[],"exclude":[]},"unresolvedImports":[],"projectRootPath":"/Users/desmond/Library/Mobile Documents/com~apple~CloudDocs/Projects/Web/Snake/src/modules","kind":"discover"}
[22:23:59.443] Explicitly included types: []
[22:23:59.444] Inferred typings from unresolved imports: []
[22:23:59.445] Result: {"cachedTypingPaths":[],"newTypingNames":[],"filesToWatch":["/Users/desmond/Library/Mobile Documents/com~apple~CloudDocs/Projects/Web/Snake/src/modules/bower_components","/Users/desmond/Library/Mobile Documents/com~apple~CloudDocs/Projects/Web/Snake/src/modules/node_modules"]}
[22:23:59.445] Finished typings discovery: {"cachedTypingPaths":[],"newTypingNames":[],"filesToWatch":["/Users/desmond/Library/Mobile Documents/com~apple~CloudDocs/Projects/Web/Snake/src/modules/bower_components","/Users/desmond/Library/Mobile Documents/com~apple~CloudDocs/Projects/Web/Snake/src/modules/node_modules"]}
[22:23:59.446] Sending response:
    {"projectName":"/dev/null/inferredProject1*","typeAcquisition":{"enable":true,"include":[],"exclude":[]},"compilerOptions":{"module":1,"target":3,"jsx":1,"allowJs":true,"allowSyntheticDefaultImports":true,"allowNonTsExtensions":true,"noEmitForJsFiles":true},"typings":[],"unresolvedImports":[],"kind":"action::set"}
[22:23:59.446] Response has been sent.
[22:23:59.446] No new typings were requested as a result of typings discovery
