[11:00:20.050] Global cache location '/Users/desmond/Library/Caches/typescript/4.3', safe file path '/users/desmond/.nvm/versions/node/v14.17.5/lib/node_modules/typescript/lib/typingsafelist.json', types map path /users/desmond/.nvm/versions/node/v14.17.5/lib/node_modules/typescript/lib/typesmap.json
[11:00:20.052] Processing cache location '/Users/desmond/Library/Caches/typescript/4.3'
[11:00:20.052] Trying to find '/Users/desmond/Library/Caches/typescript/4.3/package.json'...
[11:00:20.057] Loaded content of '/Users/desmond/Library/Caches/typescript/4.3/package.json': {"private":true,"dependencies":{"types-registry":"^0.1.555"},"devDependencies":{"@types/accepts":"^1.3.5","@types/async":"^3.2.7","@types/babel__core":"^7.1.15","@types/babel__preset-env":"^7.9.2","@types/balanced-match":"^1.0.1","@types/big.js":"^6.1.1","@types/body-parser":"^1.19.1","@types/bonjour":"^3.5.9","@types/boolbase":"^1.0.0","@types/brace-expansion":"^1.1.0","@types/braces":"^3.0.1","@types/buffer-from":"^1.1.0","@types/bytes":"^3.1.1","@types/call-bind":"^1.0.0","@types/caniuse-lite":"^1.0.1","@types/clean-css":"^4.2.5","@types/clone-deep":"^4.0.1","@types/color-convert":"^2.0.0","@types/color-name":"^1.1.1","@types/commondir":"^1.0.0","@types/compressible":"^2.0.0","@types/compression":"^1.7.1","@types/concat-map":"^0.0.1","@types/connect-history-api-fallback":"^1.3.5","@types/content-disposition":"^0.5.4","@types/content-type":"^1.1.5","@types/convert-source-map":"^1.5.2","@types/cookie":"^0.4.1","@types/cookie-signature":"^1.0.3","@types/core-js":"^2.5.5","@types/cross-spawn":"^6.0.2","@types/cssesc":"^3.0.0","@types/debug":"^4.1.7","@types/deep-equal":"^1.0.1","@types/default-gateway":"^3.0.1","@types/define-properties":"^1.1.3","@types/depd":"^1.1.32","@types/destroy":"^1.0.0","@types/detect-node":"^2.0.0","@types/dir-glob":"^2.0.1","@types/dns-packet":"^5.2.2","@types/ee-first":"^1.1.0","@types/encodeurl":"^1.0.0","@types/envinfo":"^7.8.1","@types/escape-html":"^1.0.1","@types/eslint-scope":"^3.7.1","@types/estraverse":"^5.1.1","@types/esutils":"^2.0.0","@types/etag":"^1.8.1","@types/events":"^3.0.0","@types/express":"^4.17.13","@types/finalhandler":"^1.1.1","@types/find-cache-dir":"^3.2.1","@types/follow-redirects":"^1.13.1","@types/forwarded":"^0.1.0","@types/fresh":"^0.5.0","@types/function-bind":"^1.1.6","@types/get-intrinsic":"^1.0.0","@types/glob":"^7.1.4","@types/glob-parent":"^5.1.1","@types/glob-to-regexp":"^0.4.1","@types/graceful-fs":"^4.1.5","@types/has":"^1.0.0","@types/has-symbols":"^1.0.0","@types/he":"^1.1.2","@types/html-minifier-terser":"^5.1.2","@types/http-errors":"^1.8.1","@types/http-proxy":"^1.17.7","@types/icss-utils":"^4.1.0","@types/inherits":"^0.0.30","@types/interpret":"^1.1.1","@types/ip":"^1.1.0","@types/is-arguments":"^1.0.0","@types/is-core-module":"^2.2.0","@types/is-date-object":"^1.0.1","@types/is-glob":"^4.0.2","@types/is-number":"^7.0.1","@types/is-regex":"^1.0.0","@types/isarray":"^2.0.0","@types/isexe":"^2.0.1","@types/jsesc":"^3.0.1","@types/json-parse-better-errors":"^1.0.0","@types/kind-of":"^6.0.0","@types/less":"^3.0.3","@types/loader-runner":"^2.2.4","@types/loader-utils":"^2.0.3","@types/lodash":"^4.14.172","@types/lodash.debounce":"^4.0.6","@types/lru-cache":"^5.1.1","@types/media-typer":"^1.1.1","@types/merge-descriptors":"^1.0.1","@types/merge-stream":"^1.1.2","@types/merge2":"^1.3.1","@types/methods":"^1.1.1","@types/micromatch":"^4.0.2","@types/mime":"^2.0.3","@types/mime-db":"^1.43.1","@types/mime-types":"^2.1.1","@types/minimalistic-assert":"^1.0.1","@types/minimatch":"^3.0.5","@types/minimist":"^1.2.2","@types/mkdirp":"^1.0.2","@types/ms":"^0.7.31","@types/multicast-dns":"^7.2.1","@types/needle":"^2.5.2","@types/negotiator":"^0.6.1","@types/node-forge":"^0.10.3","@types/normalize-path":"^3.0.0","@types/num2fraction":"^1.2.0","@types/object-assign":"^4.0.30","@types/object-keys":"^1.0.1","@types/on-finished":"^2.3.1","@types/on-headers":"^1.0.0","@types/once":"^1.4.0","@types/parse-json":"^4.0.0","@types/parseurl":"^1.3.1","@types/path-is-absolute":"^1.0.0","@types/path-is-inside":"^1.0.0","@types/path-parse":"^1.0.19","@types/picomatch":"^2.2.6","@types/pify":"^5.0.1","@types/postcss-custom-properties":"^9.1.1","@types/postcss-focus-within":"^4.0.1","@types/postcss-gap-properties":"^2.0.1","@types/postcss-modules-extract-imports":"^3.0.2","@types/postcss-modules-local-by-default":"^1.2.2","@types/postcss-modules-scope":"^1.1.2","@types/postcss-modules-values":"^3.0.0","@types/postcss-preset-env":"^6.7.3","@types/proxy-addr":"^2.0.0","@types/punycode":"^2.1.0","@types/qs":"^6.9.7","@types/randombytes":"^2.0.0","@types/range-parser":"^1.2.4","@types/readable-stream":"^2.3.11","@types/rechoir":"^0.6.1","@types/regenerate":"^1.4.1","@types/regenerator-runtime":"^0.13.1","@types/relateurl":"^0.2.29","@types/requires-port":"^1.0.0","@types/resolve":"^1.20.1","@types/retry":"^0.12.1","@types/rimraf":"^3.0.2","@types/run-parallel":"^1.1.0","@types/safer-buffer":"^2.1.0","@types/sax":"^1.2.3","@types/semver":"^7.3.8","@types/send":"^0.17.1","@types/serialize-javascript":"^5.0.1","@types/serve-index":"^1.9.1","@types/serve-static":"^1.13.10","@types/shebang-command":"^1.2.0","@types/signal-exit":"^3.0.1","@types/sockjs":"^0.3.33","@types/source-map-support":"^0.5.4","@types/spdy":"^3.4.5","@types/statuses":"^2.0.0","@types/strip-final-newline":"^3.0.0","@types/supports-color":"^8.1.1","@types/terser-webpack-plugin":"^5.0.4","@types/thunky":"^1.1.0","@types/type-is":"^1.6.3","@types/uniq":"^0.0.27","@types/util-deprecate":"^1.0.0","@types/utils-merge":"^0.0.28","@types/uuid":"^8.3.1","@types/vary":"^1.1.0","@types/watchpack":"^1.1.7","@types/webpack-dev-middleware":"^5.0.2","@types/webpack-dev-server":"^3.11.5","@types/webpack-sources":"^3.2.0","@types/which":"^2.0.1","@types/ws":"^7.4.7","@types/yallist":"^4.0.1"}}
[11:00:20.057] Loaded content of '/Users/desmond/Library/Caches/typescript/4.3/package-lock.json'
[11:00:20.069] Adding entry into typings cache: 'accepts' => '/Users/desmond/Library/Caches/typescript/4.3/node_modules/@types/accepts/index.d.ts'
[11:00:20.073] Adding entry into typings cache: 'async' => '/Users/desmond/Library/Caches/typescript/4.3/node_modules/@types/async/index.d.ts'
[11:00:20.076] Adding entry into typings cache: 'babel__core' => '/Users/desmond/Library/Caches/typescript/4.3/node_modules/@types/babel__core/index.d.ts'
[11:00:20.080] Adding entry into typings cache: 'babel__preset-env' => '/Users/desmond/Library/Caches/typescript/4.3/node_modules/@types/babel__preset-env/index.d.ts'
[11:00:20.082] Adding entry into typings cache: 'balanced-match' => '/Users/desmond/Library/Caches/typescript/4.3/node_modules/@types/balanced-match/index.d.ts'
[11:00:20.085] Adding entry into typings cache: 'big.js' => '/Users/desmond/Library/Caches/typescript/4.3/node_modules/@types/big.js/index.d.ts'
[11:00:20.088] Adding entry into typings cache: 'body-parser' => '/Users/desmond/Library/Caches/typescript/4.3/node_modules/@types/body-parser/index.d.ts'
[11:00:20.090] Adding entry into typings cache: 'bonjour' => '/Users/desmond/Library/Caches/typescript/4.3/node_modules/@types/bonjour/index.d.ts'
[11:00:20.093] Adding entry into typings cache: 'boolbase' => '/Users/desmond/Library/Caches/typescript/4.3/node_modules/@types/boolbase/index.d.ts'
[11:00:20.095] Adding entry into typings cache: 'brace-expansion' => '/Users/desmond/Library/Caches/typescript/4.3/node_modules/@types/brace-expansion/index.d.ts'
[11:00:20.104] Adding entry into typings cache: 'braces' => '/Users/desmond/Library/Caches/typescript/4.3/node_modules/@types/braces/index.d.ts'
[11:00:20.108] Adding entry into typings cache: 'buffer-from' => '/Users/desmond/Library/Caches/typescript/4.3/node_modules/@types/buffer-from/index.d.ts'
[11:00:20.109] Adding entry into typings cache: 'bytes' => '/Users/desmond/Library/Caches/typescript/4.3/node_modules/@types/bytes/index.d.ts'
[11:00:20.112] Adding entry into typings cache: 'call-bind' => '/Users/desmond/Library/Caches/typescript/4.3/node_modules/@types/call-bind/index.d.ts'
[11:00:20.117] Adding entry into typings cache: 'caniuse-lite' => '/Users/desmond/Library/Caches/typescript/4.3/node_modules/@types/caniuse-lite/index.d.ts'
[11:00:20.118] Adding entry into typings cache: 'clean-css' => '/Users/desmond/Library/Caches/typescript/4.3/node_modules/@types/clean-css/index.d.ts'
[11:00:20.120] Adding entry into typings cache: 'clone-deep' => '/Users/desmond/Library/Caches/typescript/4.3/node_modules/@types/clone-deep/index.d.ts'
[11:00:20.124] Adding entry into typings cache: 'color-convert' => '/Users/desmond/Library/Caches/typescript/4.3/node_modules/@types/color-convert/index.d.ts'
[11:00:20.127] Adding entry into typings cache: 'color-name' => '/Users/desmond/Library/Caches/typescript/4.3/node_modules/@types/color-name/index.d.ts'
[11:00:20.129] Adding entry into typings cache: 'commondir' => '/Users/desmond/Library/Caches/typescript/4.3/node_modules/@types/commondir/index.d.ts'
[11:00:20.130] Adding entry into typings cache: 'compressible' => '/Users/desmond/Library/Caches/typescript/4.3/node_modules/@types/compressible/index.d.ts'
[11:00:20.132] Adding entry into typings cache: 'compression' => '/Users/desmond/Library/Caches/typescript/4.3/node_modules/@types/compression/index.d.ts'
[11:00:20.134] Adding entry into typings cache: 'concat-map' => '/Users/desmond/Library/Caches/typescript/4.3/node_modules/@types/concat-map/index.d.ts'
[11:00:20.135] Adding entry into typings cache: 'connect-history-api-fallback' => '/Users/desmond/Library/Caches/typescript/4.3/node_modules/@types/connect-history-api-fallback/index.d.ts'
[11:00:20.137] Adding entry into typings cache: 'content-disposition' => '/Users/desmond/Library/Caches/typescript/4.3/node_modules/@types/content-disposition/index.d.ts'
[11:00:20.139] Adding entry into typings cache: 'content-type' => '/Users/desmond/Library/Caches/typescript/4.3/node_modules/@types/content-type/index.d.ts'
[11:00:20.141] Adding entry into typings cache: 'convert-source-map' => '/Users/desmond/Library/Caches/typescript/4.3/node_modules/@types/convert-source-map/index.d.ts'
[11:00:20.142] Adding entry into typings cache: 'cookie' => '/Users/desmond/Library/Caches/typescript/4.3/node_modules/@types/cookie/index.d.ts'
[11:00:20.144] Adding entry into typings cache: 'cookie-signature' => '/Users/desmond/Library/Caches/typescript/4.3/node_modules/@types/cookie-signature/index.d.ts'
[11:00:20.146] Adding entry into typings cache: 'core-js' => '/Users/desmond/Library/Caches/typescript/4.3/node_modules/@types/core-js/index.d.ts'
[11:00:20.148] Adding entry into typings cache: 'cross-spawn' => '/Users/desmond/Library/Caches/typescript/4.3/node_modules/@types/cross-spawn/index.d.ts'
[11:00:20.150] Adding entry into typings cache: 'cssesc' => '/Users/desmond/Library/Caches/typescript/4.3/node_modules/@types/cssesc/index.d.ts'
[11:00:20.158] Adding entry into typings cache: 'debug' => '/Users/desmond/Library/Caches/typescript/4.3/node_modules/@types/debug/index.d.ts'
[11:00:20.160] Adding entry into typings cache: 'deep-equal' => '/Users/desmond/Library/Caches/typescript/4.3/node_modules/@types/deep-equal/index.d.ts'
[11:00:20.162] Adding entry into typings cache: 'default-gateway' => '/Users/desmond/Library/Caches/typescript/4.3/node_modules/@types/default-gateway/index.d.ts'
[11:00:20.164] Adding entry into typings cache: 'define-properties' => '/Users/desmond/Library/Caches/typescript/4.3/node_modules/@types/define-properties/index.d.ts'
[11:00:20.165] Adding entry into typings cache: 'depd' => '/Users/desmond/Library/Caches/typescript/4.3/node_modules/@types/depd/index.d.ts'
[11:00:20.166] Adding entry into typings cache: 'destroy' => '/Users/desmond/Library/Caches/typescript/4.3/node_modules/@types/destroy/index.d.ts'
[11:00:20.168] Adding entry into typings cache: 'detect-node' => '/Users/desmond/Library/Caches/typescript/4.3/node_modules/@types/detect-node/index.d.ts'
[11:00:20.170] Adding entry into typings cache: 'dir-glob' => '/Users/desmond/Library/Caches/typescript/4.3/node_modules/@types/dir-glob/index.d.ts'
[11:00:20.171] Adding entry into typings cache: 'dns-packet' => '/Users/desmond/Library/Caches/typescript/4.3/node_modules/@types/dns-packet/index.d.ts'
[11:00:20.173] Adding entry into typings cache: 'ee-first' => '/Users/desmond/Library/Caches/typescript/4.3/node_modules/@types/ee-first/index.d.ts'
[11:00:20.174] Adding entry into typings cache: 'encodeurl' => '/Users/desmond/Library/Caches/typescript/4.3/node_modules/@types/encodeurl/index.d.ts'
[11:00:20.176] Adding entry into typings cache: 'envinfo' => '/Users/desmond/Library/Caches/typescript/4.3/node_modules/@types/envinfo/index.d.ts'
[11:00:20.178] Adding entry into typings cache: 'escape-html' => '/Users/desmond/Library/Caches/typescript/4.3/node_modules/@types/escape-html/index.d.ts'
[11:00:20.182] Adding entry into typings cache: 'eslint-scope' => '/Users/desmond/Library/Caches/typescript/4.3/node_modules/@types/eslint-scope/index.d.ts'
[11:00:20.186] Adding entry into typings cache: 'estraverse' => '/Users/desmond/Library/Caches/typescript/4.3/node_modules/@types/estraverse/index.d.ts'
[11:00:20.188] Adding entry into typings cache: 'esutils' => '/Users/desmond/Library/Caches/typescript/4.3/node_modules/@types/esutils/index.d.ts'
[11:00:20.189] Adding entry into typings cache: 'etag' => '/Users/desmond/Library/Caches/typescript/4.3/node_modules/@types/etag/index.d.ts'
[11:00:20.194] Adding entry into typings cache: 'events' => '/Users/desmond/Library/Caches/typescript/4.3/node_modules/@types/events/index.d.ts'
[11:00:20.197] Adding entry into typings cache: 'express' => '/Users/desmond/Library/Caches/typescript/4.3/node_modules/@types/express/index.d.ts'
[11:00:20.199] Adding entry into typings cache: 'finalhandler' => '/Users/desmond/Library/Caches/typescript/4.3/node_modules/@types/finalhandler/index.d.ts'
[11:00:20.201] Adding entry into typings cache: 'find-cache-dir' => '/Users/desmond/Library/Caches/typescript/4.3/node_modules/@types/find-cache-dir/index.d.ts'
[11:00:20.206] Adding entry into typings cache: 'follow-redirects' => '/Users/desmond/Library/Caches/typescript/4.3/node_modules/@types/follow-redirects/index.d.ts'
[11:00:20.208] Adding entry into typings cache: 'forwarded' => '/Users/desmond/Library/Caches/typescript/4.3/node_modules/@types/forwarded/index.d.ts'
[11:00:20.210] Adding entry into typings cache: 'fresh' => '/Users/desmond/Library/Caches/typescript/4.3/node_modules/@types/fresh/index.d.ts'
[11:00:20.212] Adding entry into typings cache: 'function-bind' => '/Users/desmond/Library/Caches/typescript/4.3/node_modules/@types/function-bind/index.d.ts'
[11:00:20.214] Adding entry into typings cache: 'get-intrinsic' => '/Users/desmond/Library/Caches/typescript/4.3/node_modules/@types/get-intrinsic/index.d.ts'
[11:00:20.216] Adding entry into typings cache: 'glob' => '/Users/desmond/Library/Caches/typescript/4.3/node_modules/@types/glob/index.d.ts'
[11:00:20.221] Adding entry into typings cache: 'glob-parent' => '/Users/desmond/Library/Caches/typescript/4.3/node_modules/@types/glob-parent/index.d.ts'
[11:00:20.225] Adding entry into typings cache: 'glob-to-regexp' => '/Users/desmond/Library/Caches/typescript/4.3/node_modules/@types/glob-to-regexp/index.d.ts'
[11:00:20.228] Adding entry into typings cache: 'graceful-fs' => '/Users/desmond/Library/Caches/typescript/4.3/node_modules/@types/graceful-fs/index.d.ts'
[11:00:20.229] Adding entry into typings cache: 'has' => '/Users/desmond/Library/Caches/typescript/4.3/node_modules/@types/has/index.d.ts'
[11:00:20.231] Adding entry into typings cache: 'has-symbols' => '/Users/desmond/Library/Caches/typescript/4.3/node_modules/@types/has-symbols/index.d.ts'
[11:00:20.232] Adding entry into typings cache: 'he' => '/Users/desmond/Library/Caches/typescript/4.3/node_modules/@types/he/index.d.ts'
[11:00:20.234] Adding entry into typings cache: 'html-minifier-terser' => '/Users/desmond/Library/Caches/typescript/4.3/node_modules/@types/html-minifier-terser/index.d.ts'
[11:00:20.235] Adding entry into typings cache: 'http-errors' => '/Users/desmond/Library/Caches/typescript/4.3/node_modules/@types/http-errors/index.d.ts'
[11:00:20.239] Adding entry into typings cache: 'http-proxy' => '/Users/desmond/Library/Caches/typescript/4.3/node_modules/@types/http-proxy/index.d.ts'
[11:00:20.241] Adding entry into typings cache: 'icss-utils' => '/Users/desmond/Library/Caches/typescript/4.3/node_modules/@types/icss-utils/index.d.ts'
[11:00:20.244] Adding entry into typings cache: 'inherits' => '/Users/desmond/Library/Caches/typescript/4.3/node_modules/@types/inherits/index.d.ts'
[11:00:20.246] Adding entry into typings cache: 'interpret' => '/Users/desmond/Library/Caches/typescript/4.3/node_modules/@types/interpret/index.d.ts'
[11:00:20.250] Adding entry into typings cache: 'ip' => '/Users/desmond/Library/Caches/typescript/4.3/node_modules/@types/ip/index.d.ts'
[11:00:20.252] Adding entry into typings cache: 'is-arguments' => '/Users/desmond/Library/Caches/typescript/4.3/node_modules/@types/is-arguments/index.d.ts'
[11:00:20.254] Adding entry into typings cache: 'is-core-module' => '/Users/desmond/Library/Caches/typescript/4.3/node_modules/@types/is-core-module/index.d.ts'
[11:00:20.256] Adding entry into typings cache: 'is-date-object' => '/Users/desmond/Library/Caches/typescript/4.3/node_modules/@types/is-date-object/index.d.ts'
[11:00:20.259] Adding entry into typings cache: 'is-glob' => '/Users/desmond/Library/Caches/typescript/4.3/node_modules/@types/is-glob/index.d.ts'
[11:00:20.263] Adding entry into typings cache: 'is-number' => '/Users/desmond/Library/Caches/typescript/4.3/node_modules/@types/is-number/index.d.ts'
[11:00:20.264] Adding entry into typings cache: 'is-regex' => '/Users/desmond/Library/Caches/typescript/4.3/node_modules/@types/is-regex/index.d.ts'
[11:00:20.267] Adding entry into typings cache: 'isarray' => '/Users/desmond/Library/Caches/typescript/4.3/node_modules/@types/isarray/index.d.ts'
[11:00:20.268] Adding entry into typings cache: 'isexe' => '/Users/desmond/Library/Caches/typescript/4.3/node_modules/@types/isexe/index.d.ts'
[11:00:20.270] Adding entry into typings cache: 'jsesc' => '/Users/desmond/Library/Caches/typescript/4.3/node_modules/@types/jsesc/index.d.ts'
[11:00:20.275] Adding entry into typings cache: 'json-parse-better-errors' => '/Users/desmond/Library/Caches/typescript/4.3/node_modules/@types/json-parse-better-errors/index.d.ts'
[11:00:20.279] Adding entry into typings cache: 'kind-of' => '/Users/desmond/Library/Caches/typescript/4.3/node_modules/@types/kind-of/index.d.ts'
[11:00:20.281] Adding entry into typings cache: 'less' => '/Users/desmond/Library/Caches/typescript/4.3/node_modules/@types/less/index.d.ts'
[11:00:20.284] Adding entry into typings cache: 'loader-runner' => '/Users/desmond/Library/Caches/typescript/4.3/node_modules/@types/loader-runner/index.d.ts'
[11:00:20.287] Adding entry into typings cache: 'loader-utils' => '/Users/desmond/Library/Caches/typescript/4.3/node_modules/@types/loader-utils/index.d.ts'
[11:00:20.290] Adding entry into typings cache: 'lodash' => '/Users/desmond/Library/Caches/typescript/4.3/node_modules/@types/lodash/index.d.ts'
[11:00:20.292] Adding entry into typings cache: 'lodash.debounce' => '/Users/desmond/Library/Caches/typescript/4.3/node_modules/@types/lodash.debounce/index.d.ts'
[11:00:20.294] Adding entry into typings cache: 'lru-cache' => '/Users/desmond/Library/Caches/typescript/4.3/node_modules/@types/lru-cache/index.d.ts'
[11:00:20.296] Adding entry into typings cache: 'media-typer' => '/Users/desmond/Library/Caches/typescript/4.3/node_modules/@types/media-typer/index.d.ts'
[11:00:20.298] Adding entry into typings cache: 'merge-descriptors' => '/Users/desmond/Library/Caches/typescript/4.3/node_modules/@types/merge-descriptors/index.d.ts'
[11:00:20.302] Adding entry into typings cache: 'merge-stream' => '/Users/desmond/Library/Caches/typescript/4.3/node_modules/@types/merge-stream/index.d.ts'
[11:00:20.303] Adding entry into typings cache: 'merge2' => '/Users/desmond/Library/Caches/typescript/4.3/node_modules/@types/merge2/index.d.ts'
[11:00:20.304] Adding entry into typings cache: 'methods' => '/Users/desmond/Library/Caches/typescript/4.3/node_modules/@types/methods/index.d.ts'
[11:00:20.308] Adding entry into typings cache: 'micromatch' => '/Users/desmond/Library/Caches/typescript/4.3/node_modules/@types/micromatch/index.d.ts'
[11:00:20.309] Adding entry into typings cache: 'mime' => '/Users/desmond/Library/Caches/typescript/4.3/node_modules/@types/mime/index.d.ts'
[11:00:20.311] Adding entry into typings cache: 'mime-db' => '/Users/desmond/Library/Caches/typescript/4.3/node_modules/@types/mime-db/index.d.ts'
[11:00:20.314] Adding entry into typings cache: 'mime-types' => '/Users/desmond/Library/Caches/typescript/4.3/node_modules/@types/mime-types/index.d.ts'
[11:00:20.315] Adding entry into typings cache: 'minimalistic-assert' => '/Users/desmond/Library/Caches/typescript/4.3/node_modules/@types/minimalistic-assert/index.d.ts'
[11:00:20.317] Adding entry into typings cache: 'minimatch' => '/Users/desmond/Library/Caches/typescript/4.3/node_modules/@types/minimatch/index.d.ts'
[11:00:20.318] Adding entry into typings cache: 'minimist' => '/Users/desmond/Library/Caches/typescript/4.3/node_modules/@types/minimist/index.d.ts'
[11:00:20.319] Adding entry into typings cache: 'mkdirp' => '/Users/desmond/Library/Caches/typescript/4.3/node_modules/@types/mkdirp/index.d.ts'
[11:00:20.322] Adding entry into typings cache: 'ms' => '/Users/desmond/Library/Caches/typescript/4.3/node_modules/@types/ms/index.d.ts'
[11:00:20.325] Adding entry into typings cache: 'multicast-dns' => '/Users/desmond/Library/Caches/typescript/4.3/node_modules/@types/multicast-dns/index.d.ts'
[11:00:20.328] Adding entry into typings cache: 'needle' => '/Users/desmond/Library/Caches/typescript/4.3/node_modules/@types/needle/index.d.ts'
[11:00:20.329] Adding entry into typings cache: 'negotiator' => '/Users/desmond/Library/Caches/typescript/4.3/node_modules/@types/negotiator/index.d.ts'
[11:00:20.332] Adding entry into typings cache: 'node-forge' => '/Users/desmond/Library/Caches/typescript/4.3/node_modules/@types/node-forge/index.d.ts'
[11:00:20.335] Adding entry into typings cache: 'normalize-path' => '/Users/desmond/Library/Caches/typescript/4.3/node_modules/@types/normalize-path/index.d.ts'
[11:00:20.337] Adding entry into typings cache: 'num2fraction' => '/Users/desmond/Library/Caches/typescript/4.3/node_modules/@types/num2fraction/index.d.ts'
[11:00:20.339] Adding entry into typings cache: 'object-assign' => '/Users/desmond/Library/Caches/typescript/4.3/node_modules/@types/object-assign/index.d.ts'
[11:00:20.341] Adding entry into typings cache: 'object-keys' => '/Users/desmond/Library/Caches/typescript/4.3/node_modules/@types/object-keys/index.d.ts'
[11:00:20.342] Adding entry into typings cache: 'on-finished' => '/Users/desmond/Library/Caches/typescript/4.3/node_modules/@types/on-finished/index.d.ts'
[11:00:20.342] Adding entry into typings cache: 'on-headers' => '/Users/desmond/Library/Caches/typescript/4.3/node_modules/@types/on-headers/index.d.ts'
[11:00:20.343] Adding entry into typings cache: 'once' => '/Users/desmond/Library/Caches/typescript/4.3/node_modules/@types/once/index.d.ts'
[11:00:20.349] Adding entry into typings cache: 'parse-json' => '/Users/desmond/Library/Caches/typescript/4.3/node_modules/@types/parse-json/index.d.ts'
[11:00:20.351] Adding entry into typings cache: 'parseurl' => '/Users/desmond/Library/Caches/typescript/4.3/node_modules/@types/parseurl/index.d.ts'
[11:00:20.353] Adding entry into typings cache: 'path-is-absolute' => '/Users/desmond/Library/Caches/typescript/4.3/node_modules/@types/path-is-absolute/index.d.ts'
[11:00:20.354] Adding entry into typings cache: 'path-is-inside' => '/Users/desmond/Library/Caches/typescript/4.3/node_modules/@types/path-is-inside/index.d.ts'
[11:00:20.355] Adding entry into typings cache: 'path-parse' => '/Users/desmond/Library/Caches/typescript/4.3/node_modules/@types/path-parse/index.d.ts'
[11:00:20.361] Adding entry into typings cache: 'picomatch' => '/Users/desmond/Library/Caches/typescript/4.3/node_modules/@types/picomatch/index.d.ts'
[11:00:20.365] Adding entry into typings cache: 'pify' => '/Users/desmond/Library/Caches/typescript/4.3/node_modules/@types/pify/index.d.ts'
[11:00:20.366] Adding entry into typings cache: 'postcss-custom-properties' => '/Users/desmond/Library/Caches/typescript/4.3/node_modules/@types/postcss-custom-properties/index.d.ts'
[11:00:20.368] Adding entry into typings cache: 'postcss-focus-within' => '/Users/desmond/Library/Caches/typescript/4.3/node_modules/@types/postcss-focus-within/index.d.ts'
[11:00:20.369] Adding entry into typings cache: 'postcss-gap-properties' => '/Users/desmond/Library/Caches/typescript/4.3/node_modules/@types/postcss-gap-properties/index.d.ts'
[11:00:20.371] Adding entry into typings cache: 'postcss-modules-extract-imports' => '/Users/desmond/Library/Caches/typescript/4.3/node_modules/@types/postcss-modules-extract-imports/index.d.ts'
[11:00:20.373] Adding entry into typings cache: 'postcss-modules-local-by-default' => '/Users/desmond/Library/Caches/typescript/4.3/node_modules/@types/postcss-modules-local-by-default/index.d.ts'
[11:00:20.374] Adding entry into typings cache: 'postcss-modules-scope' => '/Users/desmond/Library/Caches/typescript/4.3/node_modules/@types/postcss-modules-scope/index.d.ts'
[11:00:20.376] Adding entry into typings cache: 'postcss-modules-values' => '/Users/desmond/Library/Caches/typescript/4.3/node_modules/@types/postcss-modules-values/index.d.ts'
[11:00:20.379] Adding entry into typings cache: 'postcss-preset-env' => '/Users/desmond/Library/Caches/typescript/4.3/node_modules/@types/postcss-preset-env/index.d.ts'
[11:00:20.380] Adding entry into typings cache: 'proxy-addr' => '/Users/desmond/Library/Caches/typescript/4.3/node_modules/@types/proxy-addr/index.d.ts'
[11:00:20.384] Adding entry into typings cache: 'punycode' => '/Users/desmond/Library/Caches/typescript/4.3/node_modules/@types/punycode/index.d.ts'
[11:00:20.385] Adding entry into typings cache: 'qs' => '/Users/desmond/Library/Caches/typescript/4.3/node_modules/@types/qs/index.d.ts'
[11:00:20.388] Adding entry into typings cache: 'randombytes' => '/Users/desmond/Library/Caches/typescript/4.3/node_modules/@types/randombytes/index.d.ts'
[11:00:20.388] Adding entry into typings cache: 'range-parser' => '/Users/desmond/Library/Caches/typescript/4.3/node_modules/@types/range-parser/index.d.ts'
[11:00:20.392] Adding entry into typings cache: 'readable-stream' => '/Users/desmond/Library/Caches/typescript/4.3/node_modules/@types/readable-stream/index.d.ts'
[11:00:20.394] Adding entry into typings cache: 'rechoir' => '/Users/desmond/Library/Caches/typescript/4.3/node_modules/@types/rechoir/index.d.ts'
[11:00:20.397] Adding entry into typings cache: 'regenerate' => '/Users/desmond/Library/Caches/typescript/4.3/node_modules/@types/regenerate/index.d.ts'
[11:00:20.398] Adding entry into typings cache: 'regenerator-runtime' => '/Users/desmond/Library/Caches/typescript/4.3/node_modules/@types/regenerator-runtime/index.d.ts'
[11:00:20.400] Adding entry into typings cache: 'relateurl' => '/Users/desmond/Library/Caches/typescript/4.3/node_modules/@types/relateurl/index.d.ts'
[11:00:20.403] Adding entry into typings cache: 'requires-port' => '/Users/desmond/Library/Caches/typescript/4.3/node_modules/@types/requires-port/index.d.ts'
[11:00:20.404] Adding entry into typings cache: 'resolve' => '/Users/desmond/Library/Caches/typescript/4.3/node_modules/@types/resolve/index.d.ts'
[11:00:20.405] Adding entry into typings cache: 'retry' => '/Users/desmond/Library/Caches/typescript/4.3/node_modules/@types/retry/index.d.ts'
[11:00:20.406] Adding entry into typings cache: 'rimraf' => '/Users/desmond/Library/Caches/typescript/4.3/node_modules/@types/rimraf/index.d.ts'
[11:00:20.408] Adding entry into typings cache: 'run-parallel' => '/Users/desmond/Library/Caches/typescript/4.3/node_modules/@types/run-parallel/index.d.ts'
[11:00:20.410] Adding entry into typings cache: 'safer-buffer' => '/Users/desmond/Library/Caches/typescript/4.3/node_modules/@types/safer-buffer/index.d.ts'
[11:00:20.411] Adding entry into typings cache: 'sax' => '/Users/desmond/Library/Caches/typescript/4.3/node_modules/@types/sax/index.d.ts'
[11:00:20.413] Adding entry into typings cache: 'semver' => '/Users/desmond/Library/Caches/typescript/4.3/node_modules/@types/semver/index.d.ts'
[11:00:20.415] Adding entry into typings cache: 'send' => '/Users/desmond/Library/Caches/typescript/4.3/node_modules/@types/send/index.d.ts'
[11:00:20.418] Adding entry into typings cache: 'serialize-javascript' => '/Users/desmond/Library/Caches/typescript/4.3/node_modules/@types/serialize-javascript/index.d.ts'
[11:00:20.420] Adding entry into typings cache: 'serve-index' => '/Users/desmond/Library/Caches/typescript/4.3/node_modules/@types/serve-index/index.d.ts'
[11:00:20.420] Adding entry into typings cache: 'serve-static' => '/Users/desmond/Library/Caches/typescript/4.3/node_modules/@types/serve-static/index.d.ts'
[11:00:20.421] Adding entry into typings cache: 'shebang-command' => '/Users/desmond/Library/Caches/typescript/4.3/node_modules/@types/shebang-command/index.d.ts'
[11:00:20.422] Adding entry into typings cache: 'signal-exit' => '/Users/desmond/Library/Caches/typescript/4.3/node_modules/@types/signal-exit/index.d.ts'
[11:00:20.423] Adding entry into typings cache: 'sockjs' => '/Users/desmond/Library/Caches/typescript/4.3/node_modules/@types/sockjs/index.d.ts'
[11:00:20.426] Adding entry into typings cache: 'source-map-support' => '/Users/desmond/Library/Caches/typescript/4.3/node_modules/@types/source-map-support/index.d.ts'
[11:00:20.428] Adding entry into typings cache: 'spdy' => '/Users/desmond/Library/Caches/typescript/4.3/node_modules/@types/spdy/index.d.ts'
[11:00:20.429] Adding entry into typings cache: 'statuses' => '/Users/desmond/Library/Caches/typescript/4.3/node_modules/@types/statuses/index.d.ts'
[11:00:20.431] Adding entry into typings cache: 'strip-final-newline' => '/Users/desmond/Library/Caches/typescript/4.3/node_modules/@types/strip-final-newline/index.d.ts'
[11:00:20.432] Adding entry into typings cache: 'supports-color' => '/Users/desmond/Library/Caches/typescript/4.3/node_modules/@types/supports-color/index.d.ts'
[11:00:20.436] Adding entry into typings cache: 'terser-webpack-plugin' => '/Users/desmond/Library/Caches/typescript/4.3/node_modules/@types/terser-webpack-plugin/index.d.ts'
[11:00:20.437] Adding entry into typings cache: 'thunky' => '/Users/desmond/Library/Caches/typescript/4.3/node_modules/@types/thunky/index.d.ts'
[11:00:20.438] Adding entry into typings cache: 'type-is' => '/Users/desmond/Library/Caches/typescript/4.3/node_modules/@types/type-is/index.d.ts'
[11:00:20.439] Adding entry into typings cache: 'uniq' => '/Users/desmond/Library/Caches/typescript/4.3/node_modules/@types/uniq/index.d.ts'
[11:00:20.442] Adding entry into typings cache: 'util-deprecate' => '/Users/desmond/Library/Caches/typescript/4.3/node_modules/@types/util-deprecate/index.d.ts'
[11:00:20.443] Adding entry into typings cache: 'utils-merge' => '/Users/desmond/Library/Caches/typescript/4.3/node_modules/@types/utils-merge/index.d.ts'
[11:00:20.444] Adding entry into typings cache: 'uuid' => '/Users/desmond/Library/Caches/typescript/4.3/node_modules/@types/uuid/index.d.ts'
[11:00:20.446] Adding entry into typings cache: 'vary' => '/Users/desmond/Library/Caches/typescript/4.3/node_modules/@types/vary/index.d.ts'
[11:00:20.449] Adding entry into typings cache: 'watchpack' => '/Users/desmond/Library/Caches/typescript/4.3/node_modules/@types/watchpack/index.d.ts'
[11:00:20.450] Adding entry into typings cache: 'webpack-dev-middleware' => '/Users/desmond/Library/Caches/typescript/4.3/node_modules/@types/webpack-dev-middleware/index.d.ts'
[11:00:20.454] Adding entry into typings cache: 'webpack-dev-server' => '/Users/desmond/Library/Caches/typescript/4.3/node_modules/@types/webpack-dev-server/index.d.ts'
[11:00:20.456] Adding entry into typings cache: 'webpack-sources' => '/Users/desmond/Library/Caches/typescript/4.3/node_modules/@types/webpack-sources/index.d.ts'
[11:00:20.457] Adding entry into typings cache: 'which' => '/Users/desmond/Library/Caches/typescript/4.3/node_modules/@types/which/index.d.ts'
[11:00:20.458] Adding entry into typings cache: 'ws' => '/Users/desmond/Library/Caches/typescript/4.3/node_modules/@types/ws/index.d.ts'
[11:00:20.459] Adding entry into typings cache: 'yallist' => '/Users/desmond/Library/Caches/typescript/4.3/node_modules/@types/yallist/index.d.ts'
[11:00:20.459] Finished processing cache location '/Users/desmond/Library/Caches/typescript/4.3'
[11:00:20.460] Process id: 43942
[11:00:20.460] NPM location: /Users/desmond/.nvm/versions/node/v14.17.5/bin/npm (explicit '--npmLocation' not  provided)
[11:00:20.460] validateDefaultNpmLocation: false
[11:00:20.460] Npm config file: /Users/desmond/Library/Caches/typescript/4.3/package.json
[11:00:20.460] Updating types-registry npm package...
[11:00:20.461] Exec: /Users/desmond/.nvm/versions/node/v14.17.5/bin/npm install --ignore-scripts types-registry@latest
[11:00:24.140]     Succeeded. stdout:
    
    up to date, audited 443 packages in 3s

15 packages are looking for funding
  run `npm fund` for details

3 moderate severity vulnerabilities

To address all issues (including breaking changes), run:
  npm audit fix --force

Run `npm audit` for details.

[11:00:24.141] Updated types-registry npm package
