Info 0    [13:58:21.240] Starting TS Server
Info 1    [13:58:21.244] Version: 4.3.5
Info 2    [13:58:21.244] Arguments: /Users/desmond/.nvm/versions/node/v14.17.5/bin/node /Users/desmond/.nvm/versions/node/v14.17.5/bin/tsserver --logFile /Users/desmond/Documents/Projects/Web/Snake/.log/tsserver.log --logVerbosity info --cancellationPipeName /private/var/folders/xb/279dqn9j1p93ph316tx1xc9c0000gn/T/47d2df565252be8e359cebe849c114e2/tscancellation*
Info 3    [13:58:21.244] Platform: darwin NodeVersion: 14 CaseSensitive: false
Info 4    [13:58:21.244] ServerMode: undefined syntaxOnly: false hasUnknownServerMode: undefined
Info 5    [13:58:21.262] Search path: /Users/desmond/Documents/Projects/Web/Snake/src
Info 6    [13:58:21.263] For info: /Users/desmond/Documents/Projects/Web/Snake/src/index.ts :: Config file name: /Users/desmond/Documents/Projects/Web/Snake/tsconfig.json
Info 7    [13:58:21.263] Creating configuration project /Users/desmond/Documents/Projects/Web/Snake/tsconfig.json
Info 8    [13:58:21.290] Config: /Users/desmond/Documents/Projects/Web/Snake/tsconfig.json : {
 "rootNames": [
  "/Users/desmond/Documents/Projects/Web/Snake/src/index.ts",
  "/Users/desmond/Documents/Projects/Web/Snake/src/modules/food.ts",
  "/Users/desmond/Documents/Projects/Web/Snake/src/modules/game_control.ts",
  "/Users/desmond/Documents/Projects/Web/Snake/src/modules/score_panel.ts",
  "/Users/desmond/Documents/Projects/Web/Snake/src/modules/snake.ts"
 ],
 "options": {
  "module": 5,
  "target": 2,
  "strict": true,
  "noEmitOnError": true,
  "configFilePath": "/Users/desmond/Documents/Projects/Web/Snake/tsconfig.json"
 }
}
Info 9    [13:58:21.349] Starting updateGraphWorker: Project: /Users/desmond/Documents/Projects/Web/Snake/tsconfig.json
Info 10   [13:58:23.189] Finishing updateGraphWorker: Project: /Users/desmond/Documents/Projects/Web/Snake/tsconfig.json Version: 1 structureChanged: true Elapsed: 1840.1696399999782ms
Info 11   [13:58:23.189] Project '/Users/desmond/Documents/Projects/Web/Snake/tsconfig.json' (Configured)
Info 12   [13:58:23.190] 	Files (112)

Info 13   [13:58:23.190] -----------------------------------------------
Info 14   [13:58:23.254] DirectoryWatcher:: Triggered with /users/desmond/documents/projects/web/snake/.log/ti-99281.log :: WatchInfo: /users/desmond/documents/projects/web/snake 1 undefined Config: /Users/desmond/Documents/Projects/Web/Snake/tsconfig.json WatchType: Wild card directory
Info 15   [13:58:23.255] Project: /Users/desmond/Documents/Projects/Web/Snake/tsconfig.json Detected file add/remove of non supported extension: /users/desmond/documents/projects/web/snake/.log/ti-99281.log
Info 16   [13:58:23.255] Elapsed:: 0.5091329999268055ms DirectoryWatcher:: Triggered with /users/desmond/documents/projects/web/snake/.log/ti-99281.log :: WatchInfo: /users/desmond/documents/projects/web/snake 1 undefined Config: /Users/desmond/Documents/Projects/Web/Snake/tsconfig.json WatchType: Wild card directory
Info 17   [13:58:24.216] DirectoryWatcher:: Triggered with /users/desmond/documents/projects/web/snake/.log/ti-99281.log :: WatchInfo: /users/desmond/documents/projects/web/snake 1 undefined Config: /Users/desmond/Documents/Projects/Web/Snake/tsconfig.json WatchType: Wild card directory
Info 18   [13:58:24.217] Project: /Users/desmond/Documents/Projects/Web/Snake/tsconfig.json Detected file add/remove of non supported extension: /users/desmond/documents/projects/web/snake/.log/ti-99281.log
Info 19   [13:58:24.217] Elapsed:: 0.1143160006031394ms DirectoryWatcher:: Triggered with /users/desmond/documents/projects/web/snake/.log/ti-99281.log :: WatchInfo: /users/desmond/documents/projects/web/snake 1 undefined Config: /Users/desmond/Documents/Projects/Web/Snake/tsconfig.json WatchType: Wild card directory
Info 20   [13:58:27.983] DirectoryWatcher:: Triggered with /users/desmond/documents/projects/web/snake/src/.#index.ts :: WatchInfo: /users/desmond/documents/projects/web/snake 1 undefined Config: /Users/desmond/Documents/Projects/Web/Snake/tsconfig.json WatchType: Wild card directory
Info 21   [13:58:27.984] Project: /Users/desmond/Documents/Projects/Web/Snake/tsconfig.json Detected ignored path: /users/desmond/documents/projects/web/snake/src/.#index.ts
Info 22   [13:58:27.984] Elapsed:: 0.2999929999932647ms DirectoryWatcher:: Triggered with /users/desmond/documents/projects/web/snake/src/.#index.ts :: WatchInfo: /users/desmond/documents/projects/web/snake 1 undefined Config: /Users/desmond/Documents/Projects/Web/Snake/tsconfig.json WatchType: Wild card directory
Info 23   [13:58:27.984] DirectoryWatcher:: Triggered with /Users/desmond/Documents/Projects/Web/Snake/src/.#index.ts :: WatchInfo: /Users/desmond/Documents/Projects/Web/Snake/src 1 undefined Project: /Users/desmond/Documents/Projects/Web/Snake/tsconfig.json WatchType: Failed Lookup Locations
Info 24   [13:58:27.984] Elapsed:: 0.34156899992376566ms DirectoryWatcher:: Triggered with /Users/desmond/Documents/Projects/Web/Snake/src/.#index.ts :: WatchInfo: /Users/desmond/Documents/Projects/Web/Snake/src 1 undefined Project: /Users/desmond/Documents/Projects/Web/Snake/tsconfig.json WatchType: Failed Lookup Locations
Info 25   [13:58:28.179] Starting updateGraphWorker: Project: /Users/desmond/Documents/Projects/Web/Snake/tsconfig.json
Info 26   [13:58:28.191] Finishing updateGraphWorker: Project: /Users/desmond/Documents/Projects/Web/Snake/tsconfig.json Version: 2 structureChanged: false Elapsed: 11.52265299949795ms
Info 27   [13:58:28.191] Different program with same set of files:: structureIsReused:: 2
Info 28   [13:58:28.523] Starting updateGraphWorker: Project: /Users/desmond/Documents/Projects/Web/Snake/tsconfig.json
Info 29   [13:58:28.530] Finishing updateGraphWorker: Project: /Users/desmond/Documents/Projects/Web/Snake/tsconfig.json Version: 3 structureChanged: false Elapsed: 6.5565089993178844ms
Info 30   [13:58:28.530] Different program with same set of files:: structureIsReused:: 2
Info 31   [13:58:28.938] Starting updateGraphWorker: Project: /Users/desmond/Documents/Projects/Web/Snake/tsconfig.json
Info 32   [13:58:28.944] Finishing updateGraphWorker: Project: /Users/desmond/Documents/Projects/Web/Snake/tsconfig.json Version: 4 structureChanged: false Elapsed: 6.189302999526262ms
Info 33   [13:58:28.944] Different program with same set of files:: structureIsReused:: 2
Info 34   [13:58:28.946] getCompletionData: Get current token: 0.00773600023239851
Info 35   [13:58:28.946] getCompletionData: Is inside comment: 0.036432999186217785
Info 36   [13:58:28.946] getCompletionData: Get previous token 1: 0.024625000543892384
Info 37   [13:58:28.946] getCompletionData: Get previous token 2: 0.0754380002617836
Info 38   [13:58:28.946] getCompletionsAtPosition: isCompletionListBlocker: 0.2782829999923706
Info 39   [13:58:28.951] collectAutoImports: starting, not resolving module specifiers
Info 40   [13:58:28.951] collectAutoImports: module specifier cache size: 0
Info 41   [13:58:28.951] getSymbolToExportInfoMap: cache miss or empty; calculating new results
Info 42   [13:58:28.988] getSymbolToExportInfoMap: caching results
Info 43   [13:58:28.988] getSymbolToExportInfoMap: done in 37.09206799976528 ms
Info 44   [13:58:29.037] collectAutoImports: done in 86.69732599984854 ms
Info 45   [13:58:29.037] getCompletionData: Semantic work: 90.9116789996624
Info 46   [13:58:29.057] getCompletionsAtPosition: getCompletionEntriesFromSymbols: 18.712226999923587
Info 47   [13:58:30.829] getCompletionData: Get current token: 0.011169999837875366
Info 48   [13:58:30.829] getCompletionData: Is inside comment: 0.060453999787569046
Info 49   [13:58:30.829] getCompletionData: Get previous token 1: 0.037791999988257885
Info 50   [13:58:30.829] getCompletionData: Get previous token 2: 0.04680600017309189
Info 51   [13:58:30.829] getCompletionsAtPosition: isCompletionListBlocker: 0.02344499994069338
Info 52   [13:58:30.832] collectAutoImports: starting, not resolving module specifiers
Info 53   [13:58:30.832] collectAutoImports: module specifier cache size: 53
Info 54   [13:58:30.832] getSymbolToExportInfoMap: cache hit
Info 55   [13:58:30.840] collectAutoImports: done in 7.8779509998857975 ms
Info 56   [13:58:30.840] getCompletionData: Semantic work: 10.804344000294805
Info 57   [13:58:31.330] Starting updateGraphWorker: Project: /Users/desmond/Documents/Projects/Web/Snake/tsconfig.json
Info 58   [13:58:31.340] Finishing updateGraphWorker: Project: /Users/desmond/Documents/Projects/Web/Snake/tsconfig.json Version: 5 structureChanged: false Elapsed: 9.03855700045824ms
Info 59   [13:58:31.340] Different program with same set of files:: structureIsReused:: 2
Info 60   [13:58:33.715] Starting updateGraphWorker: Project: /Users/desmond/Documents/Projects/Web/Snake/tsconfig.json
Info 61   [13:58:33.721] Finishing updateGraphWorker: Project: /Users/desmond/Documents/Projects/Web/Snake/tsconfig.json Version: 6 structureChanged: false Elapsed: 6.054895999841392ms
Info 62   [13:58:33.722] Different program with same set of files:: structureIsReused:: 2
Info 63   [13:58:38.534] DirectoryWatcher:: Triggered with /users/desmond/documents/projects/web/snake/src/.#index.ts :: WatchInfo: /users/desmond/documents/projects/web/snake 1 undefined Config: /Users/desmond/Documents/Projects/Web/Snake/tsconfig.json WatchType: Wild card directory
Info 64   [13:58:38.534] Project: /Users/desmond/Documents/Projects/Web/Snake/tsconfig.json Detected ignored path: /users/desmond/documents/projects/web/snake/src/.#index.ts
Info 65   [13:58:38.534] Elapsed:: 0.38741600047796965ms DirectoryWatcher:: Triggered with /users/desmond/documents/projects/web/snake/src/.#index.ts :: WatchInfo: /users/desmond/documents/projects/web/snake 1 undefined Config: /Users/desmond/Documents/Projects/Web/Snake/tsconfig.json WatchType: Wild card directory
Info 66   [13:58:38.534] DirectoryWatcher:: Triggered with /Users/desmond/Documents/Projects/Web/Snake/src/.#index.ts :: WatchInfo: /Users/desmond/Documents/Projects/Web/Snake/src 1 undefined Project: /Users/desmond/Documents/Projects/Web/Snake/tsconfig.json WatchType: Failed Lookup Locations
Info 67   [13:58:38.534] Elapsed:: 0.06187499966472387ms DirectoryWatcher:: Triggered with /Users/desmond/Documents/Projects/Web/Snake/src/.#index.ts :: WatchInfo: /Users/desmond/Documents/Projects/Web/Snake/src 1 undefined Project: /Users/desmond/Documents/Projects/Web/Snake/tsconfig.json WatchType: Failed Lookup Locations
Info 68   [14:00:10.447] DirectoryWatcher:: Triggered with /users/desmond/documents/projects/web/snake/src/.#index.ts :: WatchInfo: /users/desmond/documents/projects/web/snake 1 undefined Config: /Users/desmond/Documents/Projects/Web/Snake/tsconfig.json WatchType: Wild card directory
Info 69   [14:00:10.447] Project: /Users/desmond/Documents/Projects/Web/Snake/tsconfig.json Detected ignored path: /users/desmond/documents/projects/web/snake/src/.#index.ts
Info 70   [14:00:10.447] Elapsed:: 0.2188849998638034ms DirectoryWatcher:: Triggered with /users/desmond/documents/projects/web/snake/src/.#index.ts :: WatchInfo: /users/desmond/documents/projects/web/snake 1 undefined Config: /Users/desmond/Documents/Projects/Web/Snake/tsconfig.json WatchType: Wild card directory
Info 71   [14:00:10.447] DirectoryWatcher:: Triggered with /Users/desmond/Documents/Projects/Web/Snake/src/.#index.ts :: WatchInfo: /Users/desmond/Documents/Projects/Web/Snake/src 1 undefined Project: /Users/desmond/Documents/Projects/Web/Snake/tsconfig.json WatchType: Failed Lookup Locations
Info 72   [14:00:10.447] Elapsed:: 0.03404399938881397ms DirectoryWatcher:: Triggered with /Users/desmond/Documents/Projects/Web/Snake/src/.#index.ts :: WatchInfo: /Users/desmond/Documents/Projects/Web/Snake/src 1 undefined Project: /Users/desmond/Documents/Projects/Web/Snake/tsconfig.json WatchType: Failed Lookup Locations
Info 73   [14:00:10.806] Starting updateGraphWorker: Project: /Users/desmond/Documents/Projects/Web/Snake/tsconfig.json
Info 74   [14:00:10.825] Finishing updateGraphWorker: Project: /Users/desmond/Documents/Projects/Web/Snake/tsconfig.json Version: 7 structureChanged: false Elapsed: 18.36250100005418ms
Info 75   [14:00:10.825] Different program with same set of files:: structureIsReused:: 2
Info 76   [14:00:10.826] getCompletionData: Get current token: 0.009716999717056751
Info 77   [14:00:10.826] getCompletionData: Is inside comment: 0.05966400075703859
Info 78   [14:00:10.826] getCompletionData: Get previous token 1: 0.04237100016325712
Info 79   [14:00:10.827] getCompletionData: Get previous token 2: 0.08403599914163351
Info 80   [14:00:10.827] getCompletionsAtPosition: isCompletionListBlocker: 0.01916899997740984
Info 81   [14:00:10.831] collectAutoImports: starting, not resolving module specifiers
Info 82   [14:00:10.831] collectAutoImports: module specifier cache size: 53
Info 83   [14:00:10.834] getSymbolToExportInfoMap: cache hit
Info 84   [14:00:10.853] collectAutoImports: done in 21.794533000327647 ms
Info 85   [14:00:10.853] getCompletionData: Semantic work: 26.608508000150323
Info 86   [14:00:10.868] getCompletionsAtPosition: getCompletionEntriesFromSymbols: 14.376530000008643
Info 87   [14:00:11.448] getCompletionData: Get current token: 0.06526099983602762
Info 88   [14:00:11.448] getCompletionData: Is inside comment: 0.1559450002387166
Info 89   [14:00:11.448] getCompletionData: Get previous token 1: 0.0777759999036789
Info 90   [14:00:11.449] getCompletionData: Get previous token 2: 0.1522659994661808
Info 91   [14:00:11.449] getCompletionsAtPosition: isCompletionListBlocker: 0.04642600007355213
Info 92   [14:00:11.457] collectAutoImports: starting, not resolving module specifiers
Info 93   [14:00:11.457] collectAutoImports: module specifier cache size: 53
Info 94   [14:00:11.460] getSymbolToExportInfoMap: cache hit
Info 95   [14:00:11.467] collectAutoImports: done in 9.96008099988103 ms
Info 96   [14:00:11.467] getCompletionData: Semantic work: 17.763263000175357
Info 97   [14:00:13.389] Starting updateGraphWorker: Project: /Users/desmond/Documents/Projects/Web/Snake/tsconfig.json
Info 98   [14:00:13.406] Finishing updateGraphWorker: Project: /Users/desmond/Documents/Projects/Web/Snake/tsconfig.json Version: 8 structureChanged: false Elapsed: 17.484655000269413ms
Info 99   [14:00:13.407] Different program with same set of files:: structureIsReused:: 2
Info 100  [14:00:15.732] Starting updateGraphWorker: Project: /Users/desmond/Documents/Projects/Web/Snake/tsconfig.json
Info 101  [14:00:15.747] Finishing updateGraphWorker: Project: /Users/desmond/Documents/Projects/Web/Snake/tsconfig.json Version: 9 structureChanged: false Elapsed: 15.015367000363767ms
Info 102  [14:00:15.747] Different program with same set of files:: structureIsReused:: 2
Info 103  [14:00:16.275] Starting updateGraphWorker: Project: /Users/desmond/Documents/Projects/Web/Snake/tsconfig.json
Info 104  [14:00:16.290] Finishing updateGraphWorker: Project: /Users/desmond/Documents/Projects/Web/Snake/tsconfig.json Version: 10 structureChanged: false Elapsed: 14.93455300014466ms
Info 105  [14:00:16.290] Different program with same set of files:: structureIsReused:: 2
Info 106  [14:00:16.290] getCompletionData: Get current token: 0.006292999722063541
Info 107  [14:00:16.291] getCompletionData: Is inside comment: 0.03872399963438511
Info 108  [14:00:16.291] getCompletionData: Get previous token 1: 0.033761000260710716
Info 109  [14:00:16.291] getCompletionData: Get previous token 2: 0.06262099929153919
Info 110  [14:00:16.291] getCompletionsAtPosition: isCompletionListBlocker: 0.016417999751865864
Info 111  [14:00:16.293] collectAutoImports: starting, not resolving module specifiers
Info 112  [14:00:16.293] collectAutoImports: module specifier cache size: 53
Info 113  [14:00:16.295] getSymbolToExportInfoMap: cache hit
Info 114  [14:00:16.327] collectAutoImports: done in 34.00552599970251 ms
Info 115  [14:00:16.327] getCompletionData: Semantic work: 36.093462999910116
Info 116  [14:00:16.341] getCompletionsAtPosition: getCompletionEntriesFromSymbols: 12.831023000180721
Info 117  [14:00:16.882] Starting updateGraphWorker: Project: /Users/desmond/Documents/Projects/Web/Snake/tsconfig.json
Info 118  [14:00:16.892] Finishing updateGraphWorker: Project: /Users/desmond/Documents/Projects/Web/Snake/tsconfig.json Version: 11 structureChanged: false Elapsed: 10.395349000580609ms
Info 119  [14:00:16.892] Different program with same set of files:: structureIsReused:: 2
Info 120  [14:00:16.893] getCompletionData: Get current token: 0.02588300034403801
Info 121  [14:00:16.893] getCompletionData: Is inside comment: 0.019387000240385532
Info 122  [14:00:16.893] getCompletionData: Get previous token 1: 0.06040799990296364
Info 123  [14:00:16.893] getCompletionData: Get previous token 2: 0.048045000061392784
Info 124  [14:00:16.893] getCompletionsAtPosition: isCompletionListBlocker: 0.021975000388920307
Info 125  [14:00:16.896] collectAutoImports: starting, not resolving module specifiers
Info 126  [14:00:16.896] collectAutoImports: module specifier cache size: 53
Info 127  [14:00:16.897] getSymbolToExportInfoMap: cache hit
Info 128  [14:00:16.898] collectAutoImports: done in 2.293362000025809 ms
Info 129  [14:00:16.898] getCompletionData: Semantic work: 5.306611000560224
Info 130  [14:00:16.902] getCompletionData: Get current token: 0.031123999506235123
Info 131  [14:00:16.903] getCompletionData: Is inside comment: 0.024921000003814697
Info 132  [14:00:16.903] getCompletionData: Get previous token 1: 0.0728930002078414
Info 133  [14:00:16.903] getCompletionData: Get previous token 2: 0.06284100003540516
Info 134  [14:00:16.903] getCompletionsAtPosition: isCompletionListBlocker: 0.034456999972462654
Info 135  [14:00:16.910] collectAutoImports: starting, not resolving module specifiers
Info 136  [14:00:16.910] collectAutoImports: module specifier cache size: 53
Info 137  [14:00:16.911] getSymbolToExportInfoMap: cache hit
Info 138  [14:00:16.912] collectAutoImports: done in 2.232799000106752 ms
Info 139  [14:00:16.912] getCompletionData: Semantic work: 8.95032799988985
Info 140  [14:00:17.973] Starting updateGraphWorker: Project: /Users/desmond/Documents/Projects/Web/Snake/tsconfig.json
Info 141  [14:00:17.980] Finishing updateGraphWorker: Project: /Users/desmond/Documents/Projects/Web/Snake/tsconfig.json Version: 12 structureChanged: false Elapsed: 6.864041999913752ms
Info 142  [14:00:17.980] Different program with same set of files:: structureIsReused:: 2
Info 143  [14:00:18.282] Starting updateGraphWorker: Project: /Users/desmond/Documents/Projects/Web/Snake/tsconfig.json
Info 144  [14:00:18.292] Finishing updateGraphWorker: Project: /Users/desmond/Documents/Projects/Web/Snake/tsconfig.json Version: 13 structureChanged: false Elapsed: 10.771358999423683ms
Info 145  [14:00:18.292] Different program with same set of files:: structureIsReused:: 2
Info 146  [14:00:18.822] Starting updateGraphWorker: Project: /Users/desmond/Documents/Projects/Web/Snake/tsconfig.json
Info 147  [14:00:18.835] Finishing updateGraphWorker: Project: /Users/desmond/Documents/Projects/Web/Snake/tsconfig.json Version: 14 structureChanged: false Elapsed: 12.92813100013882ms
Info 148  [14:00:18.835] Different program with same set of files:: structureIsReused:: 2
Info 149  [14:00:19.144] Starting updateGraphWorker: Project: /Users/desmond/Documents/Projects/Web/Snake/tsconfig.json
Info 150  [14:00:19.161] Finishing updateGraphWorker: Project: /Users/desmond/Documents/Projects/Web/Snake/tsconfig.json Version: 15 structureChanged: false Elapsed: 16.181591000407934ms
Info 151  [14:00:19.161] Different program with same set of files:: structureIsReused:: 2
Info 152  [14:00:19.168] Starting updateGraphWorker: Project: /Users/desmond/Documents/Projects/Web/Snake/tsconfig.json
Info 153  [14:00:19.178] Finishing updateGraphWorker: Project: /Users/desmond/Documents/Projects/Web/Snake/tsconfig.json Version: 16 structureChanged: false Elapsed: 10.347834000363946ms
Info 154  [14:00:19.178] Different program with same set of files:: structureIsReused:: 2
Info 155  [14:00:19.365] getCompletionData: Get current token: 0.018010000698268414
Info 156  [14:00:19.365] getCompletionData: Is inside comment: 0.13206300046294928
Info 157  [14:00:19.365] getCompletionData: Get previous token 1: 0.0373520003631711
Info 158  [14:00:19.365] getCompletionData: Get previous token 2: 0.12632999941706657
Info 159  [14:00:19.366] getCompletionsAtPosition: isCompletionListBlocker: 0.04561599995940924
Info 160  [14:00:19.371] collectAutoImports: starting, not resolving module specifiers
Info 161  [14:00:19.371] collectAutoImports: module specifier cache size: 53
Info 162  [14:00:19.374] getSymbolToExportInfoMap: cache hit
Info 163  [14:00:19.421] collectAutoImports: done in 50.03904899954796 ms
Info 164  [14:00:19.421] getCompletionData: Semantic work: 54.858276000246406
Info 165  [14:00:19.436] getCompletionsAtPosition: getCompletionEntriesFromSymbols: 14.920934999361634
Info 166  [14:00:19.545] Starting updateGraphWorker: Project: /Users/desmond/Documents/Projects/Web/Snake/tsconfig.json
Info 167  [14:00:19.558] Finishing updateGraphWorker: Project: /Users/desmond/Documents/Projects/Web/Snake/tsconfig.json Version: 17 structureChanged: false Elapsed: 11.970900999382138ms
Info 168  [14:00:19.558] Different program with same set of files:: structureIsReused:: 2
Info 169  [14:00:19.559] getCompletionData: Get current token: 0.06226000003516674
Info 170  [14:00:19.559] getCompletionData: Is inside comment: 0.02786399982869625
Info 171  [14:00:19.559] getCompletionData: Get previous token 1: 0.05122300051152706
Info 172  [14:00:19.559] getCompletionData: Get previous token 2: 0.09312600083649158
Info 173  [14:00:19.559] getCompletionsAtPosition: isCompletionListBlocker: 0.14498700015246868
Info 174  [14:00:19.565] collectAutoImports: starting, not resolving module specifiers
Info 175  [14:00:19.565] collectAutoImports: module specifier cache size: 55
Info 176  [14:00:19.569] getSymbolToExportInfoMap: cache hit
Info 177  [14:00:19.574] collectAutoImports: done in 9.436883000656962 ms
Info 178  [14:00:19.574] getCompletionData: Semantic work: 14.857954000122845
Info 179  [14:00:19.577] getCompletionData: Get current token: 0.012513999827206135
Info 180  [14:00:19.577] getCompletionData: Is inside comment: 0.00853899959474802
Info 181  [14:00:19.577] getCompletionData: Get previous token 1: 0.020561999641358852
Info 182  [14:00:19.577] getCompletionData: Get previous token 2: 0.019878999330103397
Info 183  [14:00:19.577] getCompletionsAtPosition: isCompletionListBlocker: 0.018013999797403812
Info 184  [14:00:19.580] collectAutoImports: starting, not resolving module specifiers
Info 185  [14:00:19.581] collectAutoImports: module specifier cache size: 55
Info 186  [14:00:19.581] getSymbolToExportInfoMap: cache hit
Info 187  [14:00:19.585] collectAutoImports: done in 4.404431999661028 ms
Info 188  [14:00:19.585] getCompletionData: Semantic work: 8.006364000029862
Info 189  [14:00:22.583] Starting updateGraphWorker: Project: /Users/desmond/Documents/Projects/Web/Snake/tsconfig.json
Info 190  [14:00:22.600] Finishing updateGraphWorker: Project: /Users/desmond/Documents/Projects/Web/Snake/tsconfig.json Version: 18 structureChanged: false Elapsed: 17.023586000315845ms
Info 191  [14:00:22.600] Different program with same set of files:: structureIsReused:: 2
Info 192  [14:00:22.601] getCompletionData: Get current token: 0.011088999919593334
Info 193  [14:00:22.601] getCompletionData: Is inside comment: 0.006391000002622604
Info 194  [14:00:22.602] getCompletionData: Get previous token 1: 0.029368999414145947
Info 195  [14:00:22.602] getCompletionData: Get previous token 2: 0.08507199957966805
Info 196  [14:00:22.602] getCompletionsAtPosition: isCompletionListBlocker: 0.024708999320864677
Info 197  [14:00:22.609] collectAutoImports: starting, not resolving module specifiers
Info 198  [14:00:22.609] collectAutoImports: module specifier cache size: 55
Info 199  [14:00:22.609] getSymbolToExportInfoMap: cache hit
Info 200  [14:00:22.611] collectAutoImports: done in 2.1613340005278587 ms
Info 201  [14:00:22.611] getCompletionData: Semantic work: 8.772611000575125
Info 202  [14:00:22.622] getCompletionsAtPosition: getCompletionEntriesFromSymbols: 8.947955999523401
Info 203  [14:00:22.877] Starting updateGraphWorker: Project: /Users/desmond/Documents/Projects/Web/Snake/tsconfig.json
Info 204  [14:00:22.884] Finishing updateGraphWorker: Project: /Users/desmond/Documents/Projects/Web/Snake/tsconfig.json Version: 19 structureChanged: false Elapsed: 7.644305000081658ms
Info 205  [14:00:22.885] Different program with same set of files:: structureIsReused:: 2
Info 206  [14:00:22.885] getCompletionData: Get current token: 0.02775700017809868
Info 207  [14:00:22.885] getCompletionData: Is inside comment: 0.013606000691652298
Info 208  [14:00:22.885] getCompletionData: Get previous token 1: 0.040516999550163746
Info 209  [14:00:22.885] getCompletionData: Get previous token 2: 0.06546299997717142
Info 210  [14:00:22.886] getCompletionsAtPosition: isCompletionListBlocker: 0.04074900038540363
Info 211  [14:00:22.889] collectAutoImports: starting, not resolving module specifiers
Info 212  [14:00:22.889] collectAutoImports: module specifier cache size: 55
Info 213  [14:00:22.890] getSymbolToExportInfoMap: cache hit
Info 214  [14:00:22.892] collectAutoImports: done in 2.575104999355972 ms
Info 215  [14:00:22.892] getCompletionData: Semantic work: 5.952286999672651
Info 216  [14:00:22.898] getCompletionData: Get current token: 0.016675000078976154
Info 217  [14:00:22.899] getCompletionData: Is inside comment: 0.015765000134706497
Info 218  [14:00:22.899] getCompletionData: Get previous token 1: 0.038164000026881695
Info 219  [14:00:22.899] getCompletionData: Get previous token 2: 0.033502000384032726
Info 220  [14:00:22.899] getCompletionsAtPosition: isCompletionListBlocker: 0.02744399942457676
Info 221  [14:00:22.903] collectAutoImports: starting, not resolving module specifiers
Info 222  [14:00:22.903] collectAutoImports: module specifier cache size: 55
Info 223  [14:00:22.904] getSymbolToExportInfoMap: cache hit
Info 224  [14:00:22.905] collectAutoImports: done in 2.589417999610305 ms
Info 225  [14:00:22.905] getCompletionData: Semantic work: 5.850282999686897
Info 226  [14:00:24.426] Starting updateGraphWorker: Project: /Users/desmond/Documents/Projects/Web/Snake/tsconfig.json
Info 227  [14:00:24.439] Finishing updateGraphWorker: Project: /Users/desmond/Documents/Projects/Web/Snake/tsconfig.json Version: 20 structureChanged: false Elapsed: 12.91091899946332ms
Info 228  [14:00:24.439] Different program with same set of files:: structureIsReused:: 2
Info 229  [14:00:24.440] getCompletionData: Get current token: 0.01267900038510561
Info 230  [14:00:24.440] getCompletionData: Is inside comment: 0.00798100046813488
Info 231  [14:00:24.440] getCompletionData: Get previous token 1: 0.04325500037521124
Info 232  [14:00:24.440] getCompletionData: Get previous token 2: 0.04847500007599592
Info 233  [14:00:24.440] getCompletionsAtPosition: isCompletionListBlocker: 0.018523000180721283
Info 234  [14:00:24.442] collectAutoImports: starting, not resolving module specifiers
Info 235  [14:00:24.442] collectAutoImports: module specifier cache size: 55
Info 236  [14:00:24.443] getSymbolToExportInfoMap: cache hit
Info 237  [14:00:24.444] collectAutoImports: done in 1.9260619999840856 ms
Info 238  [14:00:24.444] getCompletionData: Semantic work: 3.80003899987787
Info 239  [14:00:24.453] getCompletionsAtPosition: getCompletionEntriesFromSymbols: 8.974217999726534
Info 240  [14:00:25.297] getCompletionData: Get current token: 0.029193999245762825
Info 241  [14:00:25.298] getCompletionData: Is inside comment: 0.029066000133752823
Info 242  [14:00:25.298] getCompletionData: Get previous token 1: 0.07411099970340729
Info 243  [14:00:25.298] getCompletionData: Get previous token 2: 0.06089700013399124
Info 244  [14:00:25.298] getCompletionsAtPosition: isCompletionListBlocker: 0.04021799936890602
Info 245  [14:00:25.302] collectAutoImports: starting, not resolving module specifiers
Info 246  [14:00:25.303] collectAutoImports: module specifier cache size: 55
Info 247  [14:00:25.304] getSymbolToExportInfoMap: cache hit
Info 248  [14:00:25.306] collectAutoImports: done in 3.3406819999217987 ms
Info 249  [14:00:25.306] getCompletionData: Semantic work: 7.533358999527991
Info 250  [14:00:27.635] Starting updateGraphWorker: Project: /Users/desmond/Documents/Projects/Web/Snake/tsconfig.json
Info 251  [14:00:27.647] Finishing updateGraphWorker: Project: /Users/desmond/Documents/Projects/Web/Snake/tsconfig.json Version: 21 structureChanged: false Elapsed: 12.618304000236094ms
Info 252  [14:00:27.648] Different program with same set of files:: structureIsReused:: 2
Info 253  [14:00:29.061] Starting updateGraphWorker: Project: /Users/desmond/Documents/Projects/Web/Snake/tsconfig.json
Info 254  [14:00:29.074] Finishing updateGraphWorker: Project: /Users/desmond/Documents/Projects/Web/Snake/tsconfig.json Version: 22 structureChanged: false Elapsed: 12.27366799954325ms
Info 255  [14:00:29.074] Different program with same set of files:: structureIsReused:: 2
Info 256  [14:00:29.312] Starting updateGraphWorker: Project: /Users/desmond/Documents/Projects/Web/Snake/tsconfig.json
Info 257  [14:00:29.325] Finishing updateGraphWorker: Project: /Users/desmond/Documents/Projects/Web/Snake/tsconfig.json Version: 23 structureChanged: false Elapsed: 12.635782999917865ms
Info 258  [14:00:29.325] Different program with same set of files:: structureIsReused:: 2
Info 259  [14:00:30.019] Starting updateGraphWorker: Project: /Users/desmond/Documents/Projects/Web/Snake/tsconfig.json
Info 260  [14:00:30.033] Finishing updateGraphWorker: Project: /Users/desmond/Documents/Projects/Web/Snake/tsconfig.json Version: 24 structureChanged: false Elapsed: 14.154520999640226ms
Info 261  [14:00:30.033] Different program with same set of files:: structureIsReused:: 2
Info 262  [14:00:31.060] getCompletionData: Get current token: 0.02036500070244074
Info 263  [14:00:31.060] getCompletionData: Is inside comment: 0.07762499991804361
Info 264  [14:00:31.060] getCompletionData: Get previous token 1: 0.03744999971240759
Info 265  [14:00:31.060] getCompletionData: Get previous token 2: 0.09549999982118607
Info 266  [14:00:31.061] getCompletionsAtPosition: isCompletionListBlocker: 0.03720800019800663
Info 267  [14:00:31.065] collectAutoImports: starting, not resolving module specifiers
Info 268  [14:00:31.065] collectAutoImports: module specifier cache size: 55
Info 269  [14:00:31.066] getSymbolToExportInfoMap: cache hit
Info 270  [14:00:31.071] collectAutoImports: done in 6.657643000595272 ms
Info 271  [14:00:31.071] getCompletionData: Semantic work: 10.671750000678003
Info 272  [14:00:31.843] getCompletionData: Get current token: 0.019921000115573406
Info 273  [14:00:31.843] getCompletionData: Is inside comment: 0.06243100017309189
Info 274  [14:00:31.844] getCompletionData: Get previous token 1: 0.03560899943113327
Info 275  [14:00:31.844] getCompletionData: Get previous token 2: 0.06210399977862835
Info 276  [14:00:31.844] getCompletionsAtPosition: isCompletionListBlocker: 0.029935000464320183
Info 277  [14:00:31.847] collectAutoImports: starting, not resolving module specifiers
Info 278  [14:00:31.847] collectAutoImports: module specifier cache size: 55
Info 279  [14:00:31.848] getSymbolToExportInfoMap: cache hit
Info 280  [14:00:31.853] collectAutoImports: done in 6.220908000133932 ms
Info 281  [14:00:31.854] getCompletionData: Semantic work: 9.645471000112593
Info 282  [14:00:41.948] Starting updateGraphWorker: Project: /Users/desmond/Documents/Projects/Web/Snake/tsconfig.json
Info 283  [14:00:41.963] Finishing updateGraphWorker: Project: /Users/desmond/Documents/Projects/Web/Snake/tsconfig.json Version: 25 structureChanged: false Elapsed: 14.05631999950856ms
Info 284  [14:00:41.963] Different program with same set of files:: structureIsReused:: 2
Info 285  [14:00:44.254] Starting updateGraphWorker: Project: /Users/desmond/Documents/Projects/Web/Snake/tsconfig.json
Info 286  [14:00:44.273] Finishing updateGraphWorker: Project: /Users/desmond/Documents/Projects/Web/Snake/tsconfig.json Version: 26 structureChanged: false Elapsed: 18.947207000106573ms
Info 287  [14:00:44.273] Different program with same set of files:: structureIsReused:: 2
Info 288  [14:00:44.273] getCompletionData: Get current token: 0.009347999468445778
Info 289  [14:00:44.274] getCompletionData: Is inside comment: 0.005955999717116356
Info 290  [14:00:44.274] getCompletionData: Get previous token 1: 0.07660700008273125
Info 291  [14:00:44.274] getCompletionData: Get previous token 2: 0.07852500025182962
Info 292  [14:00:44.274] getCompletionsAtPosition: isCompletionListBlocker: 0.10860300064086914
Info 293  [14:00:44.279] collectAutoImports: starting, not resolving module specifiers
Info 294  [14:00:44.279] collectAutoImports: module specifier cache size: 55
Info 295  [14:00:44.280] getSymbolToExportInfoMap: cache hit
Info 296  [14:00:44.301] collectAutoImports: done in 22.142684999853373 ms
Info 297  [14:00:44.301] getCompletionData: Semantic work: 26.920556999742985
Info 298  [14:00:44.317] getCompletionsAtPosition: getCompletionEntriesFromSymbols: 9.195917999371886
Info 299  [14:00:44.898] getCompletionData: Get current token: 0.03519100043922663
Info 300  [14:00:44.898] getCompletionData: Is inside comment: 0.02120200078934431
Info 301  [14:00:44.898] getCompletionData: Get previous token 1: 0.19065700005739927
Info 302  [14:00:44.898] getCompletionData: Get previous token 2: 0.17340900003910065
Info 303  [14:00:44.899] getCompletionsAtPosition: isCompletionListBlocker: 0.02387700043618679
Info 304  [14:00:44.902] collectAutoImports: starting, not resolving module specifiers
Info 305  [14:00:44.903] collectAutoImports: module specifier cache size: 57
Info 306  [14:00:44.904] getSymbolToExportInfoMap: cache hit
Info 307  [14:00:44.907] collectAutoImports: done in 4.84356200043112 ms
Info 308  [14:00:44.907] getCompletionData: Semantic work: 8.733640999533236
Info 309  [14:00:46.209] Starting updateGraphWorker: Project: /Users/desmond/Documents/Projects/Web/Snake/tsconfig.json
Info 310  [14:00:46.222] Finishing updateGraphWorker: Project: /Users/desmond/Documents/Projects/Web/Snake/tsconfig.json Version: 27 structureChanged: false Elapsed: 13.26771100051701ms
Info 311  [14:00:46.222] Different program with same set of files:: structureIsReused:: 2
Info 312  [14:00:46.738] Starting updateGraphWorker: Project: /Users/desmond/Documents/Projects/Web/Snake/tsconfig.json
Info 313  [14:00:46.751] Finishing updateGraphWorker: Project: /Users/desmond/Documents/Projects/Web/Snake/tsconfig.json Version: 28 structureChanged: false Elapsed: 12.174813000485301ms
Info 314  [14:00:46.751] Different program with same set of files:: structureIsReused:: 2
Info 315  [14:00:46.752] getCompletionData: Get current token: 0.009494999423623085
Info 316  [14:00:46.752] getCompletionData: Is inside comment: 0.006845000199973583
Info 317  [14:00:46.752] getCompletionData: Get previous token 1: 0.06040600035339594
Info 318  [14:00:46.752] getCompletionsAtPosition: isCompletionListBlocker: 0.1316519994288683
Info 319  [14:00:46.756] collectAutoImports: starting, not resolving module specifiers
Info 320  [14:00:46.756] collectAutoImports: module specifier cache size: 57
Info 321  [14:00:46.758] getSymbolToExportInfoMap: cache hit
Info 322  [14:00:46.808] collectAutoImports: done in 52.403274999931455 ms
Info 323  [14:00:46.808] getCompletionData: Semantic work: 56.123299000784755
Info 324  [14:00:46.820] getCompletionsAtPosition: getCompletionEntriesFromSymbols: 9.524175000377
Info 325  [14:00:47.545] Starting updateGraphWorker: Project: /Users/desmond/Documents/Projects/Web/Snake/tsconfig.json
Info 326  [14:00:47.558] Finishing updateGraphWorker: Project: /Users/desmond/Documents/Projects/Web/Snake/tsconfig.json Version: 29 structureChanged: false Elapsed: 13.090865000151098ms
Info 327  [14:00:47.558] Different program with same set of files:: structureIsReused:: 2
Info 328  [14:00:47.956] Starting updateGraphWorker: Project: /Users/desmond/Documents/Projects/Web/Snake/tsconfig.json
Info 329  [14:00:47.969] Finishing updateGraphWorker: Project: /Users/desmond/Documents/Projects/Web/Snake/tsconfig.json Version: 30 structureChanged: false Elapsed: 12.439562999643385ms
Info 330  [14:00:47.969] Different program with same set of files:: structureIsReused:: 2
Info 331  [14:00:48.397] Starting updateGraphWorker: Project: /Users/desmond/Documents/Projects/Web/Snake/tsconfig.json
Info 332  [14:00:48.407] Finishing updateGraphWorker: Project: /Users/desmond/Documents/Projects/Web/Snake/tsconfig.json Version: 31 structureChanged: false Elapsed: 10.12738100066781ms
Info 333  [14:00:48.407] Different program with same set of files:: structureIsReused:: 2
Info 334  [14:00:49.908] Starting updateGraphWorker: Project: /Users/desmond/Documents/Projects/Web/Snake/tsconfig.json
Info 335  [14:00:49.921] Finishing updateGraphWorker: Project: /Users/desmond/Documents/Projects/Web/Snake/tsconfig.json Version: 32 structureChanged: false Elapsed: 12.901502999477088ms
Info 336  [14:00:49.921] Different program with same set of files:: structureIsReused:: 2
Info 337  [14:00:50.514] Starting updateGraphWorker: Project: /Users/desmond/Documents/Projects/Web/Snake/tsconfig.json
Info 338  [14:00:50.526] Finishing updateGraphWorker: Project: /Users/desmond/Documents/Projects/Web/Snake/tsconfig.json Version: 33 structureChanged: false Elapsed: 12.169320000335574ms
Info 339  [14:00:50.527] Different program with same set of files:: structureIsReused:: 2
Info 340  [14:00:51.372] Starting updateGraphWorker: Project: /Users/desmond/Documents/Projects/Web/Snake/tsconfig.json
Info 341  [14:00:51.392] Finishing updateGraphWorker: Project: /Users/desmond/Documents/Projects/Web/Snake/tsconfig.json Version: 34 structureChanged: false Elapsed: 20.01199399959296ms
Info 342  [14:00:51.392] Different program with same set of files:: structureIsReused:: 2
Info 343  [14:00:51.960] Starting updateGraphWorker: Project: /Users/desmond/Documents/Projects/Web/Snake/tsconfig.json
Info 344  [14:00:51.973] Finishing updateGraphWorker: Project: /Users/desmond/Documents/Projects/Web/Snake/tsconfig.json Version: 35 structureChanged: false Elapsed: 13.016284000128508ms
Info 345  [14:00:51.973] Different program with same set of files:: structureIsReused:: 2
Info 346  [14:00:53.511] Starting updateGraphWorker: Project: /Users/desmond/Documents/Projects/Web/Snake/tsconfig.json
Info 347  [14:00:53.524] Finishing updateGraphWorker: Project: /Users/desmond/Documents/Projects/Web/Snake/tsconfig.json Version: 36 structureChanged: false Elapsed: 12.740853999741375ms
Info 348  [14:00:53.524] Different program with same set of files:: structureIsReused:: 2
Info 349  [14:00:53.775] Starting updateGraphWorker: Project: /Users/desmond/Documents/Projects/Web/Snake/tsconfig.json
Info 350  [14:00:53.787] Finishing updateGraphWorker: Project: /Users/desmond/Documents/Projects/Web/Snake/tsconfig.json Version: 37 structureChanged: false Elapsed: 11.869469000026584ms
Info 351  [14:00:53.787] Different program with same set of files:: structureIsReused:: 2
Info 352  [14:00:53.787] getCompletionData: Get current token: 0.007295999675989151
Info 353  [14:00:53.788] getCompletionData: Is inside comment: 0.028497999534010887
Info 354  [14:00:53.788] getCompletionData: Get previous token 1: 0.01876099966466427
Info 355  [14:00:53.788] getCompletionData: Get previous token 2: 0.05537800025194883
Info 356  [14:00:53.788] getCompletionsAtPosition: isCompletionListBlocker: 0.03992700017988682
Info 357  [14:00:53.792] collectAutoImports: starting, not resolving module specifiers
Info 358  [14:00:53.792] collectAutoImports: module specifier cache size: 60
Info 359  [14:00:53.794] getSymbolToExportInfoMap: cache hit
Info 360  [14:00:53.835] collectAutoImports: done in 43.79896999988705 ms
Info 361  [14:00:53.835] getCompletionData: Semantic work: 47.61828500032425
Info 362  [14:00:53.845] getCompletionsAtPosition: getCompletionEntriesFromSymbols: 8.050650999881327
Info 363  [14:00:54.413] getCompletionData: Get current token: 0.01482400018721819
Info 364  [14:00:54.413] getCompletionData: Is inside comment: 0.046134999953210354
Info 365  [14:00:54.413] getCompletionData: Get previous token 1: 0.022638999857008457
Info 366  [14:00:54.413] getCompletionData: Get previous token 2: 0.05410899966955185
Info 367  [14:00:54.413] getCompletionsAtPosition: isCompletionListBlocker: 0.03251099959015846
Info 368  [14:00:54.417] collectAutoImports: starting, not resolving module specifiers
Info 369  [14:00:54.417] collectAutoImports: module specifier cache size: 60
Info 370  [14:00:54.418] getSymbolToExportInfoMap: cache hit
Info 371  [14:00:54.422] collectAutoImports: done in 4.6002590004354715 ms
Info 372  [14:00:54.422] getCompletionData: Semantic work: 8.754844999872148
Info 373  [14:00:54.863] Starting updateGraphWorker: Project: /Users/desmond/Documents/Projects/Web/Snake/tsconfig.json
Info 374  [14:00:54.869] Finishing updateGraphWorker: Project: /Users/desmond/Documents/Projects/Web/Snake/tsconfig.json Version: 38 structureChanged: false Elapsed: 5.4911179998889565ms
Info 375  [14:00:54.869] Different program with same set of files:: structureIsReused:: 2
Info 376  [14:00:55.229] getCompletionData: Get current token: 0.027954000048339367
Info 377  [14:00:55.229] getCompletionData: Is inside comment: 0.017237000167369843
Info 378  [14:00:55.229] getCompletionData: Get previous token 1: 0.03692399989813566
Info 379  [14:00:55.229] getCompletionData: Get previous token 2: 0.10395999997854233
Info 380  [14:00:55.229] getCompletionsAtPosition: isCompletionListBlocker: 0.034248000010848045
Info 381  [14:00:55.235] collectAutoImports: starting, not resolving module specifiers
Info 382  [14:00:55.235] collectAutoImports: module specifier cache size: 60
Info 383  [14:00:55.239] getSymbolToExportInfoMap: cache hit
Info 384  [14:00:55.249] collectAutoImports: done in 14.38121599983424 ms
Info 385  [14:00:55.249] getCompletionData: Semantic work: 19.6009369995445
Info 386  [14:01:01.414] Starting updateGraphWorker: Project: /Users/desmond/Documents/Projects/Web/Snake/tsconfig.json
Info 387  [14:01:01.430] Finishing updateGraphWorker: Project: /Users/desmond/Documents/Projects/Web/Snake/tsconfig.json Version: 39 structureChanged: false Elapsed: 16.46811999939382ms
Info 388  [14:01:01.431] Different program with same set of files:: structureIsReused:: 2
Info 389  [14:01:03.835] Starting updateGraphWorker: Project: /Users/desmond/Documents/Projects/Web/Snake/tsconfig.json
Info 390  [14:01:03.852] Finishing updateGraphWorker: Project: /Users/desmond/Documents/Projects/Web/Snake/tsconfig.json Version: 40 structureChanged: false Elapsed: 17.43633099924773ms
Info 391  [14:01:03.852] Different program with same set of files:: structureIsReused:: 2
Info 392  [14:01:03.853] getCompletionData: Get current token: 0.013066000305116177
Info 393  [14:01:03.853] getCompletionData: Is inside comment: 0.044879999943077564
Info 394  [14:01:03.853] getCompletionData: Get previous token 1: 0.03913199994713068
Info 395  [14:01:03.853] getCompletionData: Get previous token 2: 0.03409900050610304
Info 396  [14:01:03.853] getCompletionsAtPosition: isCompletionListBlocker: 0.004519999958574772
Info 397  [14:01:03.859] collectAutoImports: starting, not resolving module specifiers
Info 398  [14:01:03.860] collectAutoImports: module specifier cache size: 60
Info 399  [14:01:03.861] getSymbolToExportInfoMap: cache hit
Info 400  [14:01:03.897] collectAutoImports: done in 37.52509399969131 ms
Info 401  [14:01:03.897] getCompletionData: Semantic work: 43.66929499991238
Info 402  [14:01:03.905] getCompletionsAtPosition: getCompletionEntriesFromSymbols: 7.487322000786662
Info 403  [14:01:04.234] Starting updateGraphWorker: Project: /Users/desmond/Documents/Projects/Web/Snake/tsconfig.json
Info 404  [14:01:04.241] Finishing updateGraphWorker: Project: /Users/desmond/Documents/Projects/Web/Snake/tsconfig.json Version: 41 structureChanged: false Elapsed: 7.501308999955654ms
Info 405  [14:01:04.242] Different program with same set of files:: structureIsReused:: 2
Info 406  [14:01:04.587] getCompletionData: Get current token: 0.026142000220716
Info 407  [14:01:04.587] getCompletionData: Is inside comment: 0.014616000466048717
Info 408  [14:01:04.587] getCompletionData: Get previous token 1: 0.07245699968189001
Info 409  [14:01:04.587] getCompletionData: Get previous token 2: 0.05133999977260828
Info 410  [14:01:04.587] getCompletionsAtPosition: isCompletionListBlocker: 0.007571999914944172
Info 411  [14:01:04.593] collectAutoImports: starting, not resolving module specifiers
Info 412  [14:01:04.593] collectAutoImports: module specifier cache size: 60
Info 413  [14:01:04.594] getSymbolToExportInfoMap: cache hit
Info 414  [14:01:04.602] collectAutoImports: done in 9.474697000347078 ms
Info 415  [14:01:04.603] getCompletionData: Semantic work: 15.330511000007391
Info 416  [14:01:04.962] Starting updateGraphWorker: Project: /Users/desmond/Documents/Projects/Web/Snake/tsconfig.json
Info 417  [14:01:04.972] Finishing updateGraphWorker: Project: /Users/desmond/Documents/Projects/Web/Snake/tsconfig.json Version: 42 structureChanged: false Elapsed: 9.784717000089586ms
Info 418  [14:01:04.972] Different program with same set of files:: structureIsReused:: 2
Info 419  [14:01:05.066] Starting updateGraphWorker: Project: /Users/desmond/Documents/Projects/Web/Snake/tsconfig.json
Info 420  [14:01:05.072] Finishing updateGraphWorker: Project: /Users/desmond/Documents/Projects/Web/Snake/tsconfig.json Version: 43 structureChanged: false Elapsed: 5.995237000286579ms
Info 421  [14:01:05.073] Different program with same set of files:: structureIsReused:: 2
Info 422  [14:01:05.073] getCompletionData: Get current token: 0.0271399999037385
Info 423  [14:01:05.073] getCompletionData: Is inside comment: 0.007701000198721886
Info 424  [14:01:05.073] getCompletionData: Get previous token 1: 0.03683600015938282
Info 425  [14:01:05.073] getCompletionData: Get previous token 2: 0.02475500013679266
Info 426  [14:01:05.073] getCompletionsAtPosition: isCompletionListBlocker: 0.0033660000190138817
Info 427  [14:01:05.075] collectAutoImports: starting, not resolving module specifiers
Info 428  [14:01:05.075] collectAutoImports: module specifier cache size: 60
Info 429  [14:01:05.076] getSymbolToExportInfoMap: cache hit
Info 430  [14:01:05.077] collectAutoImports: done in 2.6088760001584888 ms
Info 431  [14:01:05.078] getCompletionData: Semantic work: 4.556166999973357
Info 432  [14:01:05.087] getCompletionData: Get current token: 0.016932999715209007
Info 433  [14:01:05.087] getCompletionData: Is inside comment: 0.007100999355316162
Info 434  [14:01:05.087] getCompletionData: Get previous token 1: 0.03043199982494116
Info 435  [14:01:05.087] getCompletionData: Get previous token 2: 0.024418000131845474
Info 436  [14:01:05.087] getCompletionsAtPosition: isCompletionListBlocker: 0.004174999892711639
Info 437  [14:01:05.090] collectAutoImports: starting, not resolving module specifiers
Info 438  [14:01:05.090] collectAutoImports: module specifier cache size: 60
Info 439  [14:01:05.091] getSymbolToExportInfoMap: cache hit
Info 440  [14:01:05.092] collectAutoImports: done in 1.5706320004537702 ms
Info 441  [14:01:05.092] getCompletionData: Semantic work: 4.557479999959469
Info 442  [14:01:05.583] Starting updateGraphWorker: Project: /Users/desmond/Documents/Projects/Web/Snake/tsconfig.json
Info 443  [14:01:05.597] Finishing updateGraphWorker: Project: /Users/desmond/Documents/Projects/Web/Snake/tsconfig.json Version: 44 structureChanged: false Elapsed: 14.149648000486195ms
Info 444  [14:01:05.597] Different program with same set of files:: structureIsReused:: 2
Info 445  [14:01:05.598] getCompletionData: Get current token: 0.014774000272154808
Info 446  [14:01:05.598] getCompletionData: Is inside comment: 0.0055229999125003815
Info 447  [14:01:05.598] getCompletionData: Get previous token 1: 0.059898000210523605
Info 448  [14:01:05.598] getCompletionData: Get previous token 2: 0.03697500005364418
Info 449  [14:01:05.598] getCompletionsAtPosition: isCompletionListBlocker: 0.005378999747335911
Info 450  [14:01:05.600] collectAutoImports: starting, not resolving module specifiers
Info 451  [14:01:05.600] collectAutoImports: module specifier cache size: 60
Info 452  [14:01:05.601] getSymbolToExportInfoMap: cache hit
Info 453  [14:01:05.602] collectAutoImports: done in 1.8619809998199344 ms
Info 454  [14:01:05.602] getCompletionData: Semantic work: 3.8186640003696084
Info 455  [14:01:05.610] getCompletionsAtPosition: getCompletionEntriesFromSymbols: 5.787619000300765
Info 456  [14:01:05.905] Starting updateGraphWorker: Project: /Users/desmond/Documents/Projects/Web/Snake/tsconfig.json
Info 457  [14:01:05.918] Finishing updateGraphWorker: Project: /Users/desmond/Documents/Projects/Web/Snake/tsconfig.json Version: 45 structureChanged: false Elapsed: 12.874414999969304ms
Info 458  [14:01:05.918] Different program with same set of files:: structureIsReused:: 2
Info 459  [14:01:06.268] getCompletionData: Get current token: 0.02333700004965067
Info 460  [14:01:06.268] getCompletionData: Is inside comment: 0.011843999847769737
Info 461  [14:01:06.268] getCompletionData: Get previous token 1: 0.06555799953639507
Info 462  [14:01:06.268] getCompletionData: Get previous token 2: 0.059027000330388546
Info 463  [14:01:06.269] getCompletionsAtPosition: isCompletionListBlocker: 0.006463000550866127
Info 464  [14:01:06.273] collectAutoImports: starting, not resolving module specifiers
Info 465  [14:01:06.273] collectAutoImports: module specifier cache size: 60
Info 466  [14:01:06.276] getSymbolToExportInfoMap: cache hit
Info 467  [14:01:06.282] collectAutoImports: done in 9.017575999721885 ms
Info 468  [14:01:06.282] getCompletionData: Semantic work: 13.851400000043213
Info 469  [14:01:09.639] Starting updateGraphWorker: Project: /Users/desmond/Documents/Projects/Web/Snake/tsconfig.json
Info 470  [14:01:09.654] Finishing updateGraphWorker: Project: /Users/desmond/Documents/Projects/Web/Snake/tsconfig.json Version: 46 structureChanged: false Elapsed: 14.752261000685394ms
Info 471  [14:01:09.654] Different program with same set of files:: structureIsReused:: 2
Info 472  [14:01:09.655] getCompletionData: Get current token: 0.008390000090003014
Info 473  [14:01:09.655] getCompletionData: Is inside comment: 0.005559000186622143
Info 474  [14:01:09.655] getCompletionData: Get previous token 1: 0.03952100034803152
Info 475  [14:01:09.655] getCompletionData: Get previous token 2: 0.030069999396800995
Info 476  [14:01:09.655] getCompletionsAtPosition: isCompletionListBlocker: 0.09967400040477514
Info 477  [14:01:09.661] collectAutoImports: starting, not resolving module specifiers
Info 478  [14:01:09.661] collectAutoImports: module specifier cache size: 60
Info 479  [14:01:09.661] getSymbolToExportInfoMap: cache hit
Info 480  [14:01:09.700] collectAutoImports: done in 39.428686999715865 ms
Info 481  [14:01:09.700] getCompletionData: Semantic work: 44.65213599987328
Info 482  [14:01:09.712] getCompletionsAtPosition: getCompletionEntriesFromSymbols: 7.0661639999598265
Info 483  [14:01:10.005] Starting updateGraphWorker: Project: /Users/desmond/Documents/Projects/Web/Snake/tsconfig.json
Info 484  [14:01:10.010] Finishing updateGraphWorker: Project: /Users/desmond/Documents/Projects/Web/Snake/tsconfig.json Version: 47 structureChanged: false Elapsed: 5.484055999666452ms
Info 485  [14:01:10.011] Different program with same set of files:: structureIsReused:: 2
Info 486  [14:01:10.011] Starting updateGraphWorker: Project: /Users/desmond/Documents/Projects/Web/Snake/tsconfig.json
Info 487  [14:01:10.017] Finishing updateGraphWorker: Project: /Users/desmond/Documents/Projects/Web/Snake/tsconfig.json Version: 48 structureChanged: false Elapsed: 6.4523220006376505ms
Info 488  [14:01:10.018] Different program with same set of files:: structureIsReused:: 2
Info 489  [14:01:10.574] getCompletionData: Get current token: 0.0383909996598959
Info 490  [14:01:10.574] getCompletionData: Is inside comment: 0.02506599947810173
Info 491  [14:01:10.574] getCompletionData: Get previous token 1: 0.04219899978488684
Info 492  [14:01:10.574] getCompletionData: Get previous token 2: 0.03987500071525574
Info 493  [14:01:10.574] getCompletionsAtPosition: isCompletionListBlocker: 0.010058999992907047
Info 494  [14:01:10.581] collectAutoImports: starting, not resolving module specifiers
Info 495  [14:01:10.581] collectAutoImports: module specifier cache size: 60
Info 496  [14:01:10.582] getSymbolToExportInfoMap: cache hit
Info 497  [14:01:10.585] collectAutoImports: done in 3.9242799999192357 ms
Info 498  [14:01:10.585] getCompletionData: Semantic work: 10.464730000123382
Info 499  [14:01:10.831] Starting updateGraphWorker: Project: /Users/desmond/Documents/Projects/Web/Snake/tsconfig.json
Info 500  [14:01:10.843] Finishing updateGraphWorker: Project: /Users/desmond/Documents/Projects/Web/Snake/tsconfig.json Version: 49 structureChanged: false Elapsed: 11.803194000385702ms
Info 501  [14:01:10.843] Different program with same set of files:: structureIsReused:: 2
Info 502  [14:01:15.657] Starting updateGraphWorker: Project: /Users/desmond/Documents/Projects/Web/Snake/tsconfig.json
Info 503  [14:01:15.669] Finishing updateGraphWorker: Project: /Users/desmond/Documents/Projects/Web/Snake/tsconfig.json Version: 50 structureChanged: false Elapsed: 12.055863999761641ms
Info 504  [14:01:15.669] Different program with same set of files:: structureIsReused:: 2
Info 505  [14:01:15.762] DirectoryWatcher:: Triggered with /users/desmond/documents/projects/web/snake/src/.#index.ts :: WatchInfo: /users/desmond/documents/projects/web/snake 1 undefined Config: /Users/desmond/Documents/Projects/Web/Snake/tsconfig.json WatchType: Wild card directory
Info 506  [14:01:15.764] Project: /Users/desmond/Documents/Projects/Web/Snake/tsconfig.json Detected ignored path: /users/desmond/documents/projects/web/snake/src/.#index.ts
Info 507  [14:01:15.764] Elapsed:: 1.6837490005418658ms DirectoryWatcher:: Triggered with /users/desmond/documents/projects/web/snake/src/.#index.ts :: WatchInfo: /users/desmond/documents/projects/web/snake 1 undefined Config: /Users/desmond/Documents/Projects/Web/Snake/tsconfig.json WatchType: Wild card directory
Info 508  [14:01:15.765] DirectoryWatcher:: Triggered with /Users/desmond/Documents/Projects/Web/Snake/src/.#index.ts :: WatchInfo: /Users/desmond/Documents/Projects/Web/Snake/src 1 undefined Project: /Users/desmond/Documents/Projects/Web/Snake/tsconfig.json WatchType: Failed Lookup Locations
Info 509  [14:01:15.765] Elapsed:: 0.3654590006917715ms DirectoryWatcher:: Triggered with /Users/desmond/Documents/Projects/Web/Snake/src/.#index.ts :: WatchInfo: /Users/desmond/Documents/Projects/Web/Snake/src 1 undefined Project: /Users/desmond/Documents/Projects/Web/Snake/tsconfig.json WatchType: Failed Lookup Locations
Info 510  [14:01:43.684] DirectoryWatcher:: Triggered with /users/desmond/documents/projects/web/snake/src/.#index.ts :: WatchInfo: /users/desmond/documents/projects/web/snake 1 undefined Config: /Users/desmond/Documents/Projects/Web/Snake/tsconfig.json WatchType: Wild card directory
Info 511  [14:01:43.684] Project: /Users/desmond/Documents/Projects/Web/Snake/tsconfig.json Detected ignored path: /users/desmond/documents/projects/web/snake/src/.#index.ts
Info 512  [14:01:43.685] Elapsed:: 0.3146409997716546ms DirectoryWatcher:: Triggered with /users/desmond/documents/projects/web/snake/src/.#index.ts :: WatchInfo: /users/desmond/documents/projects/web/snake 1 undefined Config: /Users/desmond/Documents/Projects/Web/Snake/tsconfig.json WatchType: Wild card directory
Info 513  [14:01:43.685] DirectoryWatcher:: Triggered with /Users/desmond/Documents/Projects/Web/Snake/src/.#index.ts :: WatchInfo: /Users/desmond/Documents/Projects/Web/Snake/src 1 undefined Project: /Users/desmond/Documents/Projects/Web/Snake/tsconfig.json WatchType: Failed Lookup Locations
Info 514  [14:01:43.685] Elapsed:: 0.06872199941426516ms DirectoryWatcher:: Triggered with /Users/desmond/Documents/Projects/Web/Snake/src/.#index.ts :: WatchInfo: /Users/desmond/Documents/Projects/Web/Snake/src 1 undefined Project: /Users/desmond/Documents/Projects/Web/Snake/tsconfig.json WatchType: Failed Lookup Locations
Info 515  [14:01:43.807] Starting updateGraphWorker: Project: /Users/desmond/Documents/Projects/Web/Snake/tsconfig.json
Info 516  [14:01:43.821] Finishing updateGraphWorker: Project: /Users/desmond/Documents/Projects/Web/Snake/tsconfig.json Version: 51 structureChanged: false Elapsed: 13.510476999916136ms
Info 517  [14:01:43.821] Different program with same set of files:: structureIsReused:: 2
Info 518  [14:01:47.316] DirectoryWatcher:: Triggered with /users/desmond/documents/projects/web/snake/src/.#index.ts :: WatchInfo: /users/desmond/documents/projects/web/snake 1 undefined Config: /Users/desmond/Documents/Projects/Web/Snake/tsconfig.json WatchType: Wild card directory
Info 519  [14:01:47.317] Project: /Users/desmond/Documents/Projects/Web/Snake/tsconfig.json Detected ignored path: /users/desmond/documents/projects/web/snake/src/.#index.ts
Info 520  [14:01:47.317] Elapsed:: 0.1865039998665452ms DirectoryWatcher:: Triggered with /users/desmond/documents/projects/web/snake/src/.#index.ts :: WatchInfo: /users/desmond/documents/projects/web/snake 1 undefined Config: /Users/desmond/Documents/Projects/Web/Snake/tsconfig.json WatchType: Wild card directory
Info 521  [14:01:47.317] DirectoryWatcher:: Triggered with /Users/desmond/Documents/Projects/Web/Snake/src/.#index.ts :: WatchInfo: /Users/desmond/Documents/Projects/Web/Snake/src 1 undefined Project: /Users/desmond/Documents/Projects/Web/Snake/tsconfig.json WatchType: Failed Lookup Locations
Info 522  [14:01:47.317] Elapsed:: 0.03842199966311455ms DirectoryWatcher:: Triggered with /Users/desmond/Documents/Projects/Web/Snake/src/.#index.ts :: WatchInfo: /Users/desmond/Documents/Projects/Web/Snake/src 1 undefined Project: /Users/desmond/Documents/Projects/Web/Snake/tsconfig.json WatchType: Failed Lookup Locations
