[23:06:55.089] Global cache location '/Users/desmond/Library/Caches/typescript/4.2', safe file path '/users/desmond/.nvm/versions/node/v16.0.0/lib/node_modules/typescript/lib/typingsafelist.json', types map path /users/desmond/.nvm/versions/node/v16.0.0/lib/node_modules/typescript/lib/typesmap.json
[23:06:55.090] Processing cache location '/Users/desmond/Library/Caches/typescript/4.2'
[23:06:55.090] Trying to find '/Users/desmond/Library/Caches/typescript/4.2/package.json'...
[23:06:55.091] Finished processing cache location '/Users/desmond/Library/Caches/typescript/4.2'
[23:06:55.091] Process id: 1468
[23:06:55.091] NPM location: /Users/desmond/.nvm/versions/node/v16.0.0/bin/npm (explicit '--npmLocation' not  provided)
[23:06:55.091] validateDefaultNpmLocation: false
[23:06:55.091] Npm config file: /Users/desmond/Library/Caches/typescript/4.2/package.json
[23:06:55.091] Npm config file: '/Users/desmond/Library/Caches/typescript/4.2/package.json' is missing, creating new one...
[23:06:55.092] Updating types-registry npm package...
[23:06:55.092] Exec: /Users/desmond/.nvm/versions/node/v16.0.0/bin/npm install --ignore-scripts types-registry@latest
[23:06:59.735]     Succeeded. stdout:
    
    added 1 package, and audited 2 packages in 4s

found 0 vulnerabilities

[23:06:59.736] Updated types-registry npm package
[23:06:59.757] Got install request {"projectName":"/dev/null/inferredProject1*","fileNames":["/Users/desmond/.nvm/versions/node/v16.0.0/lib/node_modules/typescript/lib/lib.es5.d.ts","/Users/desmond/.nvm/versions/node/v16.0.0/lib/node_modules/typescript/lib/lib.es2015.d.ts","/Users/desmond/.nvm/versions/node/v16.0.0/lib/node_modules/typescript/lib/lib.es2016.d.ts","/Users/desmond/.nvm/versions/node/v16.0.0/lib/node_modules/typescript/lib/lib.dom.d.ts","/Users/desmond/.nvm/versions/node/v16.0.0/lib/node_modules/typescript/lib/lib.dom.iterable.d.ts","/Users/desmond/.nvm/versions/node/v16.0.0/lib/node_modules/typescript/lib/lib.webworker.importscripts.d.ts","/Users/desmond/.nvm/versions/node/v16.0.0/lib/node_modules/typescript/lib/lib.scripthost.d.ts","/Users/desmond/.nvm/versions/node/v16.0.0/lib/node_modules/typescript/lib/lib.es2015.core.d.ts","/Users/desmond/.nvm/versions/node/v16.0.0/lib/node_modules/typescript/lib/lib.es2015.collection.d.ts","/Users/desmond/.nvm/versions/node/v16.0.0/lib/node_modules/typescript/lib/lib.es2015.generator.d.ts","/Users/desmond/.nvm/versions/node/v16.0.0/lib/node_modules/typescript/lib/lib.es2015.iterable.d.ts","/Users/desmond/.nvm/versions/node/v16.0.0/lib/node_modules/typescript/lib/lib.es2015.promise.d.ts","/Users/desmond/.nvm/versions/node/v16.0.0/lib/node_modules/typescript/lib/lib.es2015.proxy.d.ts","/Users/desmond/.nvm/versions/node/v16.0.0/lib/node_modules/typescript/lib/lib.es2015.reflect.d.ts","/Users/desmond/.nvm/versions/node/v16.0.0/lib/node_modules/typescript/lib/lib.es2015.symbol.d.ts","/Users/desmond/.nvm/versions/node/v16.0.0/lib/node_modules/typescript/lib/lib.es2015.symbol.wellknown.d.ts","/Users/desmond/.nvm/versions/node/v16.0.0/lib/node_modules/typescript/lib/lib.es2016.array.include.d.ts","/Users/desmond/.nvm/versions/node/v16.0.0/lib/node_modules/typescript/lib/lib.es2016.full.d.ts","/Users/desmond/Documents/unclealone.github.io/assets/js/breakpoints.min.js"],"compilerOptions":{"module":1,"target":3,"jsx":1,"allowJs":true,"allowSyntheticDefaultImports":true,"allowNonTsExtensions":true,"noEmitForJsFiles":true,"maxNodeModuleJsDepth":2},"typeAcquisition":{"enable":true,"include":[],"exclude":[]},"unresolvedImports":[],"projectRootPath":"/Users/desmond/Documents/unclealone.github.io/assets/js","kind":"discover"}
[23:06:59.777] Loaded safelist from types map file '/users/desmond/.nvm/versions/node/v16.0.0/lib/node_modules/typescript/lib/typesmap.json'
[23:06:59.778] Explicitly included types: []
[23:06:59.779] Inferred typings from unresolved imports: []
[23:06:59.779] Result: {"cachedTypingPaths":[],"newTypingNames":[],"filesToWatch":["/Users/desmond/Documents/unclealone.github.io/assets/js/bower_components","/Users/desmond/Documents/unclealone.github.io/assets/js/node_modules"]}
[23:06:59.779] Finished typings discovery: {"cachedTypingPaths":[],"newTypingNames":[],"filesToWatch":["/Users/desmond/Documents/unclealone.github.io/assets/js/bower_components","/Users/desmond/Documents/unclealone.github.io/assets/js/node_modules"]}
[23:06:59.779] DirectoryWatcher:: Added:: WatchInfo: /Users/desmond/Documents/unclealone.github.io/assets/js/bower_components
[23:06:59.780] DirectoryWatcher:: Added:: WatchInfo: /Users/desmond/Documents/unclealone.github.io/assets/js/bower_components 1 undefined Project: /dev/null/inferredProject1* watcher already invoked: false
[23:06:59.781] Elapsed:: 0.8084120154380798ms DirectoryWatcher:: Added:: WatchInfo: /Users/desmond/Documents/unclealone.github.io/assets/js/bower_components 1 undefined Project: /dev/null/inferredProject1* watcher already invoked: false
[23:06:59.781] DirectoryWatcher:: Added:: WatchInfo: /Users/desmond/Documents/unclealone.github.io/assets/js/node_modules
[23:06:59.781] DirectoryWatcher:: Added:: WatchInfo: /Users/desmond/Documents/unclealone.github.io/assets/js/node_modules 1 undefined Project: /dev/null/inferredProject1* watcher already invoked: false
[23:06:59.781] Elapsed:: 0.08209800720214844ms DirectoryWatcher:: Added:: WatchInfo: /Users/desmond/Documents/unclealone.github.io/assets/js/node_modules 1 undefined Project: /dev/null/inferredProject1* watcher already invoked: false
[23:06:59.781] Sending response:
    {"projectName":"/dev/null/inferredProject1*","typeAcquisition":{"enable":true,"include":[],"exclude":[]},"compilerOptions":{"module":1,"target":3,"jsx":1,"allowJs":true,"allowSyntheticDefaultImports":true,"allowNonTsExtensions":true,"noEmitForJsFiles":true,"maxNodeModuleJsDepth":2},"typings":[],"unresolvedImports":[],"kind":"action::set"}
[23:06:59.782] Response has been sent.
[23:06:59.782] No new typings were requested as a result of typings discovery
